{"/Users/havyasreekuppam/Downloads/Multiplayer/server/controllers/aiController.js": {"path":"/Users/havyasreekuppam/Downloads/Multiplayer/server/controllers/aiController.js","statementMap":{"0":{"start":{"line":13,"column":33},"end":{"line":72,"column":1}},"1":{"start":{"line":14,"column":2},"end":{"line":71,"column":3}},"2":{"start":{"line":15,"column":56},"end":{"line":15,"column":64}},"3":{"start":{"line":17,"column":4},"end":{"line":22,"column":5}},"4":{"start":{"line":18,"column":6},"end":{"line":21,"column":9}},"5":{"start":{"line":24,"column":4},"end":{"line":29,"column":5}},"6":{"start":{"line":25,"column":6},"end":{"line":28,"column":9}},"7":{"start":{"line":32,"column":21},"end":{"line":32,"column":67}},"8":{"start":{"line":33,"column":19},"end":{"line":33,"column":47}},"9":{"start":{"line":35,"column":4},"end":{"line":43,"column":5}},"10":{"start":{"line":36,"column":6},"end":{"line":36,"column":63}},"11":{"start":{"line":37,"column":6},"end":{"line":42,"column":9}},"12":{"start":{"line":46,"column":22},"end":{"line":46,"column":80}},"13":{"start":{"line":49,"column":4},"end":{"line":49,"column":54}},"14":{"start":{"line":51,"column":4},"end":{"line":56,"column":7}},"15":{"start":{"line":58,"column":4},"end":{"line":63,"column":7}},"16":{"start":{"line":65,"column":4},"end":{"line":65,"column":50}},"17":{"start":{"line":66,"column":4},"end":{"line":70,"column":7}},"18":{"start":{"line":77,"column":31},"end":{"line":113,"column":1}},"19":{"start":{"line":78,"column":2},"end":{"line":112,"column":3}},"20":{"start":{"line":79,"column":22},"end":{"line":79,"column":32}},"21":{"start":{"line":81,"column":4},"end":{"line":86,"column":5}},"22":{"start":{"line":82,"column":6},"end":{"line":85,"column":9}},"23":{"start":{"line":90,"column":25},"end":{"line":90,"column":51}},"24":{"start":{"line":91,"column":19},"end":{"line":91,"column":34}},"25":{"start":{"line":93,"column":4},"end":{"line":98,"column":5}},"26":{"start":{"line":94,"column":6},"end":{"line":97,"column":7}},"27":{"start":{"line":95,"column":20},"end":{"line":95,"column":60}},"28":{"start":{"line":96,"column":8},"end":{"line":96,"column":35}},"29":{"start":{"line":100,"column":4},"end":{"line":100,"column":46}},"30":{"start":{"line":102,"column":4},"end":{"line":105,"column":7}},"31":{"start":{"line":107,"column":4},"end":{"line":107,"column":42}},"32":{"start":{"line":108,"column":4},"end":{"line":111,"column":7}}},"fnMap":{"0":{"name":"(anonymous_0)","decl":{"start":{"line":13,"column":33},"end":{"line":13,"column":34}},"loc":{"start":{"line":13,"column":53},"end":{"line":72,"column":1}},"line":13},"1":{"name":"(anonymous_1)","decl":{"start":{"line":77,"column":31},"end":{"line":77,"column":32}},"loc":{"start":{"line":77,"column":51},"end":{"line":113,"column":1}},"line":77}},"branchMap":{"0":{"loc":{"start":{"line":15,"column":19},"end":{"line":15,"column":28}},"type":"default-arg","locations":[{"start":{"line":15,"column":27},"end":{"line":15,"column":28}}],"line":15},"1":{"loc":{"start":{"line":15,"column":30},"end":{"line":15,"column":51}},"type":"default-arg","locations":[{"start":{"line":15,"column":43},"end":{"line":15,"column":51}}],"line":15},"2":{"loc":{"start":{"line":17,"column":4},"end":{"line":22,"column":5}},"type":"if","locations":[{"start":{"line":17,"column":4},"end":{"line":22,"column":5}},{"start":{},"end":{}}],"line":17},"3":{"loc":{"start":{"line":17,"column":8},"end":{"line":17,"column":43}},"type":"binary-expr","locations":[{"start":{"line":17,"column":8},"end":{"line":17,"column":14}},{"start":{"line":17,"column":18},"end":{"line":17,"column":43}}],"line":17},"4":{"loc":{"start":{"line":24,"column":4},"end":{"line":29,"column":5}},"type":"if","locations":[{"start":{"line":24,"column":4},"end":{"line":29,"column":5}},{"start":{},"end":{}}],"line":24},"5":{"loc":{"start":{"line":24,"column":8},"end":{"line":24,"column":31}},"type":"binary-expr","locations":[{"start":{"line":24,"column":8},"end":{"line":24,"column":17}},{"start":{"line":24,"column":21},"end":{"line":24,"column":31}}],"line":24},"6":{"loc":{"start":{"line":35,"column":4},"end":{"line":43,"column":5}},"type":"if","locations":[{"start":{"line":35,"column":4},"end":{"line":43,"column":5}},{"start":{},"end":{}}],"line":35},"7":{"loc":{"start":{"line":81,"column":4},"end":{"line":86,"column":5}},"type":"if","locations":[{"start":{"line":81,"column":4},"end":{"line":86,"column":5}},{"start":{},"end":{}}],"line":81}},"s":{"0":0,"1":0,"2":0,"3":0,"4":0,"5":0,"6":0,"7":0,"8":0,"9":0,"10":0,"11":0,"12":0,"13":0,"14":0,"15":0,"16":0,"17":0,"18":0,"19":0,"20":0,"21":0,"22":0,"23":0,"24":0,"25":0,"26":0,"27":0,"28":0,"29":0,"30":0,"31":0,"32":0},"f":{"0":0,"1":0},"b":{"0":[0],"1":[0],"2":[0,0],"3":[0,0],"4":[0,0],"5":[0,0],"6":[0,0],"7":[0,0]},"inputSourceMap":null}
,"/Users/havyasreekuppam/Downloads/Multiplayer/server/controllers/authController.js": {"path":"/Users/havyasreekuppam/Downloads/Multiplayer/server/controllers/authController.js","statementMap":{"0":{"start":{"line":12,"column":19},"end":{"line":28,"column":1}},"1":{"start":{"line":14,"column":2},"end":{"line":19,"column":5}},"2":{"start":{"line":22,"column":2},"end":{"line":27,"column":5}},"3":{"start":{"line":30,"column":24},"end":{"line":121,"column":1}},"4":{"start":{"line":31,"column":2},"end":{"line":120,"column":3}},"5":{"start":{"line":32,"column":59},"end":{"line":32,"column":67}},"6":{"start":{"line":35,"column":4},"end":{"line":40,"column":5}},"7":{"start":{"line":36,"column":6},"end":{"line":39,"column":9}},"8":{"start":{"line":42,"column":4},"end":{"line":47,"column":5}},"9":{"start":{"line":43,"column":6},"end":{"line":46,"column":9}},"10":{"start":{"line":49,"column":4},"end":{"line":54,"column":5}},"11":{"start":{"line":50,"column":6},"end":{"line":53,"column":9}},"12":{"start":{"line":57,"column":25},"end":{"line":59,"column":6}},"13":{"start":{"line":61,"column":4},"end":{"line":70,"column":5}},"14":{"start":{"line":62,"column":6},"end":{"line":65,"column":9}},"15":{"start":{"line":66,"column":6},"end":{"line":69,"column":9}},"16":{"start":{"line":73,"column":17},"end":{"line":73,"column":41}},"17":{"start":{"line":74,"column":27},"end":{"line":74,"column":60}},"18":{"start":{"line":77,"column":17},"end":{"line":82,"column":6}},"19":{"start":{"line":85,"column":24},"end":{"line":85,"column":70}},"20":{"start":{"line":86,"column":25},"end":{"line":86,"column":55}},"21":{"start":{"line":89,"column":4},"end":{"line":94,"column":7}},"22":{"start":{"line":97,"column":4},"end":{"line":97,"column":47}},"23":{"start":{"line":99,"column":4},"end":{"line":99,"column":77}},"24":{"start":{"line":101,"column":4},"end":{"line":113,"column":7}},"25":{"start":{"line":115,"column":4},"end":{"line":115,"column":65}},"26":{"start":{"line":116,"column":4},"end":{"line":119,"column":7}},"27":{"start":{"line":123,"column":21},"end":{"line":202,"column":1}},"28":{"start":{"line":124,"column":2},"end":{"line":201,"column":3}},"29":{"start":{"line":125,"column":32},"end":{"line":125,"column":40}},"30":{"start":{"line":128,"column":4},"end":{"line":133,"column":5}},"31":{"start":{"line":129,"column":6},"end":{"line":132,"column":9}},"32":{"start":{"line":136,"column":17},"end":{"line":136,"column":66}},"33":{"start":{"line":138,"column":4},"end":{"line":144,"column":5}},"34":{"start":{"line":139,"column":6},"end":{"line":139,"column":70}},"35":{"start":{"line":140,"column":6},"end":{"line":143,"column":9}},"36":{"start":{"line":147,"column":30},"end":{"line":147,"column":75}},"37":{"start":{"line":149,"column":4},"end":{"line":155,"column":5}},"38":{"start":{"line":150,"column":6},"end":{"line":150,"column":70}},"39":{"start":{"line":151,"column":6},"end":{"line":154,"column":9}},"40":{"start":{"line":158,"column":4},"end":{"line":158,"column":32}},"41":{"start":{"line":159,"column":4},"end":{"line":159,"column":27}},"42":{"start":{"line":160,"column":4},"end":{"line":160,"column":22}},"43":{"start":{"line":163,"column":24},"end":{"line":163,"column":70}},"44":{"start":{"line":164,"column":25},"end":{"line":164,"column":55}},"45":{"start":{"line":167,"column":4},"end":{"line":172,"column":7}},"46":{"start":{"line":175,"column":4},"end":{"line":175,"column":47}},"47":{"start":{"line":177,"column":4},"end":{"line":177,"column":76}},"48":{"start":{"line":179,"column":4},"end":{"line":194,"column":7}},"49":{"start":{"line":196,"column":4},"end":{"line":196,"column":58}},"50":{"start":{"line":197,"column":4},"end":{"line":200,"column":7}},"51":{"start":{"line":208,"column":34},"end":{"line":283,"column":1}},"52":{"start":{"line":209,"column":2},"end":{"line":282,"column":3}},"53":{"start":{"line":210,"column":25},"end":{"line":210,"column":49}},"54":{"start":{"line":212,"column":4},"end":{"line":217,"column":5}},"55":{"start":{"line":213,"column":6},"end":{"line":216,"column":9}},"56":{"start":{"line":220,"column":24},"end":{"line":223,"column":6}},"57":{"start":{"line":225,"column":4},"end":{"line":231,"column":5}},"58":{"start":{"line":226,"column":6},"end":{"line":226,"column":62}},"59":{"start":{"line":227,"column":6},"end":{"line":230,"column":9}},"60":{"start":{"line":234,"column":17},"end":{"line":234,"column":56}},"61":{"start":{"line":236,"column":4},"end":{"line":241,"column":5}},"62":{"start":{"line":237,"column":6},"end":{"line":240,"column":9}},"63":{"start":{"line":244,"column":27},"end":{"line":244,"column":73}},"64":{"start":{"line":245,"column":28},"end":{"line":245,"column":58}},"65":{"start":{"line":248,"column":4},"end":{"line":250,"column":7}},"66":{"start":{"line":252,"column":4},"end":{"line":257,"column":7}},"67":{"start":{"line":260,"column":4},"end":{"line":260,"column":53}},"68":{"start":{"line":262,"column":4},"end":{"line":262,"column":70}},"69":{"start":{"line":264,"column":4},"end":{"line":275,"column":7}},"70":{"start":{"line":277,"column":4},"end":{"line":277,"column":66}},"71":{"start":{"line":278,"column":4},"end":{"line":281,"column":7}},"72":{"start":{"line":285,"column":26},"end":{"line":318,"column":1}},"73":{"start":{"line":286,"column":2},"end":{"line":317,"column":3}},"74":{"start":{"line":287,"column":17},"end":{"line":287,"column":48}},"75":{"start":{"line":289,"column":4},"end":{"line":294,"column":5}},"76":{"start":{"line":290,"column":6},"end":{"line":293,"column":9}},"77":{"start":{"line":296,"column":4},"end":{"line":310,"column":7}},"78":{"start":{"line":312,"column":4},"end":{"line":312,"column":66}},"79":{"start":{"line":313,"column":4},"end":{"line":316,"column":7}},"80":{"start":{"line":320,"column":29},"end":{"line":344,"column":1}},"81":{"start":{"line":321,"column":2},"end":{"line":343,"column":3}},"82":{"start":{"line":322,"column":33},"end":{"line":322,"column":41}},"83":{"start":{"line":324,"column":17},"end":{"line":328,"column":5}},"84":{"start":{"line":330,"column":4},"end":{"line":330,"column":59}},"85":{"start":{"line":332,"column":4},"end":{"line":336,"column":7}},"86":{"start":{"line":338,"column":4},"end":{"line":338,"column":67}},"87":{"start":{"line":339,"column":4},"end":{"line":342,"column":7}},"88":{"start":{"line":349,"column":22},"end":{"line":389,"column":1}},"89":{"start":{"line":350,"column":2},"end":{"line":388,"column":3}},"90":{"start":{"line":351,"column":19},"end":{"line":351,"column":29}},"91":{"start":{"line":352,"column":25},"end":{"line":352,"column":49}},"92":{"start":{"line":355,"column":4},"end":{"line":360,"column":5}},"93":{"start":{"line":356,"column":6},"end":{"line":359,"column":8}},"94":{"start":{"line":370,"column":4},"end":{"line":370,"column":64}},"95":{"start":{"line":373,"column":4},"end":{"line":373,"column":35}},"96":{"start":{"line":374,"column":4},"end":{"line":374,"column":36}},"97":{"start":{"line":376,"column":4},"end":{"line":376,"column":47}},"98":{"start":{"line":378,"column":4},"end":{"line":381,"column":7}},"99":{"start":{"line":383,"column":4},"end":{"line":383,"column":59}},"100":{"start":{"line":384,"column":4},"end":{"line":387,"column":7}}},"fnMap":{"0":{"name":"(anonymous_0)","decl":{"start":{"line":12,"column":19},"end":{"line":12,"column":20}},"loc":{"start":{"line":12,"column":55},"end":{"line":28,"column":1}},"line":12},"1":{"name":"(anonymous_1)","decl":{"start":{"line":30,"column":24},"end":{"line":30,"column":25}},"loc":{"start":{"line":30,"column":44},"end":{"line":121,"column":1}},"line":30},"2":{"name":"(anonymous_2)","decl":{"start":{"line":123,"column":21},"end":{"line":123,"column":22}},"loc":{"start":{"line":123,"column":41},"end":{"line":202,"column":1}},"line":123},"3":{"name":"(anonymous_3)","decl":{"start":{"line":208,"column":34},"end":{"line":208,"column":35}},"loc":{"start":{"line":208,"column":54},"end":{"line":283,"column":1}},"line":208},"4":{"name":"(anonymous_4)","decl":{"start":{"line":285,"column":26},"end":{"line":285,"column":27}},"loc":{"start":{"line":285,"column":46},"end":{"line":318,"column":1}},"line":285},"5":{"name":"(anonymous_5)","decl":{"start":{"line":320,"column":29},"end":{"line":320,"column":30}},"loc":{"start":{"line":320,"column":49},"end":{"line":344,"column":1}},"line":320},"6":{"name":"(anonymous_6)","decl":{"start":{"line":349,"column":22},"end":{"line":349,"column":23}},"loc":{"start":{"line":349,"column":42},"end":{"line":389,"column":1}},"line":349}},"branchMap":{"0":{"loc":{"start":{"line":35,"column":4},"end":{"line":40,"column":5}},"type":"if","locations":[{"start":{"line":35,"column":4},"end":{"line":40,"column":5}},{"start":{},"end":{}}],"line":35},"1":{"loc":{"start":{"line":35,"column":8},"end":{"line":35,"column":40}},"type":"binary-expr","locations":[{"start":{"line":35,"column":8},"end":{"line":35,"column":17}},{"start":{"line":35,"column":21},"end":{"line":35,"column":27}},{"start":{"line":35,"column":31},"end":{"line":35,"column":40}}],"line":35},"2":{"loc":{"start":{"line":42,"column":4},"end":{"line":47,"column":5}},"type":"if","locations":[{"start":{"line":42,"column":4},"end":{"line":47,"column":5}},{"start":{},"end":{}}],"line":42},"3":{"loc":{"start":{"line":42,"column":8},"end":{"line":42,"column":78}},"type":"binary-expr","locations":[{"start":{"line":42,"column":8},"end":{"line":42,"column":46}},{"start":{"line":42,"column":50},"end":{"line":42,"column":78}}],"line":42},"4":{"loc":{"start":{"line":49,"column":4},"end":{"line":54,"column":5}},"type":"if","locations":[{"start":{"line":49,"column":4},"end":{"line":54,"column":5}},{"start":{},"end":{}}],"line":49},"5":{"loc":{"start":{"line":61,"column":4},"end":{"line":70,"column":5}},"type":"if","locations":[{"start":{"line":61,"column":4},"end":{"line":70,"column":5}},{"start":{},"end":{}}],"line":61},"6":{"loc":{"start":{"line":128,"column":4},"end":{"line":133,"column":5}},"type":"if","locations":[{"start":{"line":128,"column":4},"end":{"line":133,"column":5}},{"start":{},"end":{}}],"line":128},"7":{"loc":{"start":{"line":128,"column":8},"end":{"line":128,"column":27}},"type":"binary-expr","locations":[{"start":{"line":128,"column":8},"end":{"line":128,"column":14}},{"start":{"line":128,"column":18},"end":{"line":128,"column":27}}],"line":128},"8":{"loc":{"start":{"line":138,"column":4},"end":{"line":144,"column":5}},"type":"if","locations":[{"start":{"line":138,"column":4},"end":{"line":144,"column":5}},{"start":{},"end":{}}],"line":138},"9":{"loc":{"start":{"line":149,"column":4},"end":{"line":155,"column":5}},"type":"if","locations":[{"start":{"line":149,"column":4},"end":{"line":155,"column":5}},{"start":{},"end":{}}],"line":149},"10":{"loc":{"start":{"line":212,"column":4},"end":{"line":217,"column":5}},"type":"if","locations":[{"start":{"line":212,"column":4},"end":{"line":217,"column":5}},{"start":{},"end":{}}],"line":212},"11":{"loc":{"start":{"line":225,"column":4},"end":{"line":231,"column":5}},"type":"if","locations":[{"start":{"line":225,"column":4},"end":{"line":231,"column":5}},{"start":{},"end":{}}],"line":225},"12":{"loc":{"start":{"line":225,"column":8},"end":{"line":225,"column":58}},"type":"binary-expr","locations":[{"start":{"line":225,"column":8},"end":{"line":225,"column":20}},{"start":{"line":225,"column":24},"end":{"line":225,"column":58}}],"line":225},"13":{"loc":{"start":{"line":236,"column":4},"end":{"line":241,"column":5}},"type":"if","locations":[{"start":{"line":236,"column":4},"end":{"line":241,"column":5}},{"start":{},"end":{}}],"line":236},"14":{"loc":{"start":{"line":289,"column":4},"end":{"line":294,"column":5}},"type":"if","locations":[{"start":{"line":289,"column":4},"end":{"line":294,"column":5}},{"start":{},"end":{}}],"line":289},"15":{"loc":{"start":{"line":355,"column":4},"end":{"line":360,"column":5}},"type":"if","locations":[{"start":{"line":355,"column":4},"end":{"line":360,"column":5}},{"start":{},"end":{}}],"line":355}},"s":{"0":0,"1":0,"2":0,"3":0,"4":0,"5":0,"6":0,"7":0,"8":0,"9":0,"10":0,"11":0,"12":0,"13":0,"14":0,"15":0,"16":0,"17":0,"18":0,"19":0,"20":0,"21":0,"22":0,"23":0,"24":0,"25":0,"26":0,"27":0,"28":0,"29":0,"30":0,"31":0,"32":0,"33":0,"34":0,"35":0,"36":0,"37":0,"38":0,"39":0,"40":0,"41":0,"42":0,"43":0,"44":0,"45":0,"46":0,"47":0,"48":0,"49":0,"50":0,"51":0,"52":0,"53":0,"54":0,"55":0,"56":0,"57":0,"58":0,"59":0,"60":0,"61":0,"62":0,"63":0,"64":0,"65":0,"66":0,"67":0,"68":0,"69":0,"70":0,"71":0,"72":0,"73":0,"74":0,"75":0,"76":0,"77":0,"78":0,"79":0,"80":0,"81":0,"82":0,"83":0,"84":0,"85":0,"86":0,"87":0,"88":0,"89":0,"90":0,"91":0,"92":0,"93":0,"94":0,"95":0,"96":0,"97":0,"98":0,"99":0,"100":0},"f":{"0":0,"1":0,"2":0,"3":0,"4":0,"5":0,"6":0},"b":{"0":[0,0],"1":[0,0,0],"2":[0,0],"3":[0,0],"4":[0,0],"5":[0,0],"6":[0,0],"7":[0,0],"8":[0,0],"9":[0,0],"10":[0,0],"11":[0,0],"12":[0,0],"13":[0,0],"14":[0,0],"15":[0,0]},"inputSourceMap":null}
,"/Users/havyasreekuppam/Downloads/Multiplayer/server/controllers/matchController.js": {"path":"/Users/havyasreekuppam/Downloads/Multiplayer/server/controllers/matchController.js","statementMap":{"0":{"start":{"line":9,"column":27},"end":{"line":73,"column":1}},"1":{"start":{"line":10,"column":2},"end":{"line":72,"column":3}},"2":{"start":{"line":11,"column":81},"end":{"line":11,"column":89}},"3":{"start":{"line":13,"column":4},"end":{"line":18,"column":5}},"4":{"start":{"line":14,"column":6},"end":{"line":17,"column":9}},"5":{"start":{"line":21,"column":18},"end":{"line":31,"column":6}},"6":{"start":{"line":33,"column":4},"end":{"line":33,"column":23}},"7":{"start":{"line":36,"column":4},"end":{"line":52,"column":5}},"8":{"start":{"line":37,"column":19},"end":{"line":37,"column":53}},"9":{"start":{"line":38,"column":6},"end":{"line":51,"column":7}},"10":{"start":{"line":39,"column":8},"end":{"line":39,"column":29}},"11":{"start":{"line":40,"column":8},"end":{"line":40,"column":40}},"12":{"start":{"line":43,"column":8},"end":{"line":43,"column":69}},"13":{"start":{"line":46,"column":8},"end":{"line":48,"column":9}},"14":{"start":{"line":47,"column":10},"end":{"line":47,"column":25}},"15":{"start":{"line":50,"column":8},"end":{"line":50,"column":26}},"16":{"start":{"line":54,"column":4},"end":{"line":64,"column":7}},"17":{"start":{"line":66,"column":4},"end":{"line":66,"column":58}},"18":{"start":{"line":67,"column":4},"end":{"line":71,"column":7}},"19":{"start":{"line":75,"column":30},"end":{"line":124,"column":1}},"20":{"start":{"line":76,"column":2},"end":{"line":123,"column":3}},"21":{"start":{"line":77,"column":23},"end":{"line":77,"column":33}},"22":{"start":{"line":78,"column":37},"end":{"line":78,"column":46}},"23":{"start":{"line":81,"column":20},"end":{"line":96,"column":27}},"24":{"start":{"line":98,"column":18},"end":{"line":98,"column":74}},"25":{"start":{"line":101,"column":28},"end":{"line":108,"column":6}},"26":{"start":{"line":102,"column":25},"end":{"line":102,"column":82}},"27":{"start":{"line":102,"column":51},"end":{"line":102,"column":81}},"28":{"start":{"line":103,"column":6},"end":{"line":107,"column":8}},"29":{"start":{"line":110,"column":4},"end":{"line":115,"column":7}},"30":{"start":{"line":117,"column":4},"end":{"line":117,"column":57}},"31":{"start":{"line":118,"column":4},"end":{"line":122,"column":7}},"32":{"start":{"line":126,"column":31},"end":{"line":150,"column":1}},"33":{"start":{"line":127,"column":2},"end":{"line":149,"column":3}},"34":{"start":{"line":128,"column":24},"end":{"line":128,"column":34}},"35":{"start":{"line":130,"column":18},"end":{"line":130,"column":69}},"36":{"start":{"line":132,"column":4},"end":{"line":137,"column":5}},"37":{"start":{"line":133,"column":6},"end":{"line":136,"column":9}},"38":{"start":{"line":139,"column":4},"end":{"line":142,"column":7}},"39":{"start":{"line":144,"column":4},"end":{"line":148,"column":7}},"40":{"start":{"line":152,"column":28},"end":{"line":199,"column":1}},"41":{"start":{"line":153,"column":2},"end":{"line":198,"column":3}},"42":{"start":{"line":154,"column":23},"end":{"line":154,"column":33}},"43":{"start":{"line":156,"column":17},"end":{"line":156,"column":44}},"44":{"start":{"line":157,"column":4},"end":{"line":162,"column":5}},"45":{"start":{"line":158,"column":6},"end":{"line":161,"column":9}},"46":{"start":{"line":165,"column":20},"end":{"line":165,"column":66}},"47":{"start":{"line":168,"column":25},"end":{"line":168,"column":39}},"48":{"start":{"line":169,"column":17},"end":{"line":171,"column":12}},"49":{"start":{"line":170,"column":13},"end":{"line":170,"column":50}},"50":{"start":{"line":172,"column":20},"end":{"line":172,"column":83}},"51":{"start":{"line":175,"column":22},"end":{"line":177,"column":5}},"52":{"start":{"line":176,"column":28},"end":{"line":176,"column":98}},"53":{"start":{"line":176,"column":50},"end":{"line":176,"column":80}},"54":{"start":{"line":179,"column":4},"end":{"line":191,"column":7}},"55":{"start":{"line":193,"column":4},"end":{"line":197,"column":7}},"56":{"start":{"line":201,"column":30},"end":{"line":222,"column":1}},"57":{"start":{"line":202,"column":2},"end":{"line":221,"column":3}},"58":{"start":{"line":203,"column":27},"end":{"line":203,"column":36}},"59":{"start":{"line":205,"column":24},"end":{"line":208,"column":29}},"60":{"start":{"line":210,"column":4},"end":{"line":214,"column":7}},"61":{"start":{"line":216,"column":4},"end":{"line":220,"column":7}}},"fnMap":{"0":{"name":"(anonymous_0)","decl":{"start":{"line":9,"column":27},"end":{"line":9,"column":28}},"loc":{"start":{"line":9,"column":47},"end":{"line":73,"column":1}},"line":9},"1":{"name":"(anonymous_1)","decl":{"start":{"line":75,"column":30},"end":{"line":75,"column":31}},"loc":{"start":{"line":75,"column":50},"end":{"line":124,"column":1}},"line":75},"2":{"name":"(anonymous_2)","decl":{"start":{"line":101,"column":40},"end":{"line":101,"column":41}},"loc":{"start":{"line":101,"column":51},"end":{"line":108,"column":5}},"line":101},"3":{"name":"(anonymous_3)","decl":{"start":{"line":102,"column":44},"end":{"line":102,"column":45}},"loc":{"start":{"line":102,"column":51},"end":{"line":102,"column":81}},"line":102},"4":{"name":"(anonymous_4)","decl":{"start":{"line":126,"column":31},"end":{"line":126,"column":32}},"loc":{"start":{"line":126,"column":51},"end":{"line":150,"column":1}},"line":126},"5":{"name":"(anonymous_5)","decl":{"start":{"line":152,"column":28},"end":{"line":152,"column":29}},"loc":{"start":{"line":152,"column":48},"end":{"line":199,"column":1}},"line":152},"6":{"name":"(anonymous_6)","decl":{"start":{"line":170,"column":6},"end":{"line":170,"column":7}},"loc":{"start":{"line":170,"column":13},"end":{"line":170,"column":50}},"line":170},"7":{"name":"(anonymous_7)","decl":{"start":{"line":176,"column":21},"end":{"line":176,"column":22}},"loc":{"start":{"line":176,"column":28},"end":{"line":176,"column":98}},"line":176},"8":{"name":"(anonymous_8)","decl":{"start":{"line":176,"column":43},"end":{"line":176,"column":44}},"loc":{"start":{"line":176,"column":50},"end":{"line":176,"column":80}},"line":176},"9":{"name":"(anonymous_9)","decl":{"start":{"line":201,"column":30},"end":{"line":201,"column":31}},"loc":{"start":{"line":201,"column":50},"end":{"line":222,"column":1}},"line":201}},"branchMap":{"0":{"loc":{"start":{"line":13,"column":4},"end":{"line":18,"column":5}},"type":"if","locations":[{"start":{"line":13,"column":4},"end":{"line":18,"column":5}},{"start":{},"end":{}}],"line":13},"1":{"loc":{"start":{"line":13,"column":8},"end":{"line":13,"column":38}},"type":"binary-expr","locations":[{"start":{"line":13,"column":8},"end":{"line":13,"column":15}},{"start":{"line":13,"column":19},"end":{"line":13,"column":27}},{"start":{"line":13,"column":31},"end":{"line":13,"column":38}}],"line":13},"2":{"loc":{"start":{"line":29,"column":22},"end":{"line":29,"column":44}},"type":"binary-expr","locations":[{"start":{"line":29,"column":22},"end":{"line":29,"column":39}},{"start":{"line":29,"column":43},"end":{"line":29,"column":44}}],"line":29},"3":{"loc":{"start":{"line":38,"column":6},"end":{"line":51,"column":7}},"type":"if","locations":[{"start":{"line":38,"column":6},"end":{"line":51,"column":7}},{"start":{},"end":{}}],"line":38},"4":{"loc":{"start":{"line":46,"column":8},"end":{"line":48,"column":9}},"type":"if","locations":[{"start":{"line":46,"column":8},"end":{"line":48,"column":9}},{"start":{},"end":{}}],"line":46},"5":{"loc":{"start":{"line":78,"column":12},"end":{"line":78,"column":22}},"type":"default-arg","locations":[{"start":{"line":78,"column":20},"end":{"line":78,"column":22}}],"line":78},"6":{"loc":{"start":{"line":78,"column":24},"end":{"line":78,"column":32}},"type":"default-arg","locations":[{"start":{"line":78,"column":31},"end":{"line":78,"column":32}}],"line":78},"7":{"loc":{"start":{"line":105,"column":19},"end":{"line":105,"column":46}},"type":"binary-expr","locations":[{"start":{"line":105,"column":19},"end":{"line":105,"column":41}},{"start":{"line":105,"column":45},"end":{"line":105,"column":46}}],"line":105},"8":{"loc":{"start":{"line":132,"column":4},"end":{"line":137,"column":5}},"type":"if","locations":[{"start":{"line":132,"column":4},"end":{"line":137,"column":5}},{"start":{},"end":{}}],"line":132},"9":{"loc":{"start":{"line":157,"column":4},"end":{"line":162,"column":5}},"type":"if","locations":[{"start":{"line":157,"column":4},"end":{"line":162,"column":5}},{"start":{},"end":{}}],"line":157},"10":{"loc":{"start":{"line":172,"column":20},"end":{"line":172,"column":83}},"type":"cond-expr","locations":[{"start":{"line":172,"column":39},"end":{"line":172,"column":79}},{"start":{"line":172,"column":82},"end":{"line":172,"column":83}}],"line":172},"11":{"loc":{"start":{"line":176,"column":28},"end":{"line":176,"column":98}},"type":"binary-expr","locations":[{"start":{"line":176,"column":28},"end":{"line":176,"column":93}},{"start":{"line":176,"column":97},"end":{"line":176,"column":98}}],"line":176},"12":{"loc":{"start":{"line":188,"column":19},"end":{"line":188,"column":33}},"type":"binary-expr","locations":[{"start":{"line":188,"column":19},"end":{"line":188,"column":28}},{"start":{"line":188,"column":32},"end":{"line":188,"column":33}}],"line":188},"13":{"loc":{"start":{"line":203,"column":12},"end":{"line":203,"column":22}},"type":"default-arg","locations":[{"start":{"line":203,"column":20},"end":{"line":203,"column":22}}],"line":203}},"s":{"0":0,"1":0,"2":0,"3":0,"4":0,"5":0,"6":0,"7":0,"8":0,"9":0,"10":0,"11":0,"12":0,"13":0,"14":0,"15":0,"16":0,"17":0,"18":0,"19":0,"20":0,"21":0,"22":0,"23":0,"24":0,"25":0,"26":0,"27":0,"28":0,"29":0,"30":0,"31":0,"32":0,"33":0,"34":0,"35":0,"36":0,"37":0,"38":0,"39":0,"40":0,"41":0,"42":0,"43":0,"44":0,"45":0,"46":0,"47":0,"48":0,"49":0,"50":0,"51":0,"52":0,"53":0,"54":0,"55":0,"56":0,"57":0,"58":0,"59":0,"60":0,"61":0},"f":{"0":0,"1":0,"2":0,"3":0,"4":0,"5":0,"6":0,"7":0,"8":0,"9":0},"b":{"0":[0,0],"1":[0,0,0],"2":[0,0],"3":[0,0],"4":[0,0],"5":[0],"6":[0],"7":[0,0],"8":[0,0],"9":[0,0],"10":[0,0],"11":[0,0],"12":[0,0],"13":[0]},"inputSourceMap":null}
,"/Users/havyasreekuppam/Downloads/Multiplayer/server/controllers/publicRoomController.js": {"path":"/Users/havyasreekuppam/Downloads/Multiplayer/server/controllers/publicRoomController.js","statementMap":{"0":{"start":{"line":8,"column":32},"end":{"line":61,"column":1}},"1":{"start":{"line":9,"column":2},"end":{"line":60,"column":3}},"2":{"start":{"line":10,"column":71},"end":{"line":10,"column":79}},"3":{"start":{"line":12,"column":4},"end":{"line":17,"column":5}},"4":{"start":{"line":13,"column":6},"end":{"line":16,"column":9}},"5":{"start":{"line":20,"column":17},"end":{"line":36,"column":6}},"6":{"start":{"line":38,"column":4},"end":{"line":38,"column":22}},"7":{"start":{"line":40,"column":4},"end":{"line":52,"column":7}},"8":{"start":{"line":54,"column":4},"end":{"line":54,"column":56}},"9":{"start":{"line":55,"column":4},"end":{"line":59,"column":7}},"10":{"start":{"line":66,"column":30},"end":{"line":109,"column":1}},"11":{"start":{"line":67,"column":2},"end":{"line":108,"column":3}},"12":{"start":{"line":68,"column":57},"end":{"line":68,"column":66}},"13":{"start":{"line":70,"column":19},"end":{"line":70,"column":56}},"14":{"start":{"line":72,"column":4},"end":{"line":72,"column":45}},"15":{"start":{"line":72,"column":18},"end":{"line":72,"column":45}},"16":{"start":{"line":73,"column":4},"end":{"line":73,"column":70}},"17":{"start":{"line":73,"column":32},"end":{"line":73,"column":70}},"18":{"start":{"line":75,"column":17},"end":{"line":75,"column":35}},"19":{"start":{"line":77,"column":18},"end":{"line":80,"column":27}},"20":{"start":{"line":82,"column":18},"end":{"line":82,"column":51}},"21":{"start":{"line":84,"column":4},"end":{"line":101,"column":7}},"22":{"start":{"line":86,"column":34},"end":{"line":95,"column":7}},"23":{"start":{"line":103,"column":4},"end":{"line":107,"column":7}},"24":{"start":{"line":114,"column":26},"end":{"line":154,"column":1}},"25":{"start":{"line":115,"column":2},"end":{"line":153,"column":3}},"26":{"start":{"line":116,"column":42},"end":{"line":116,"column":50}},"27":{"start":{"line":118,"column":17},"end":{"line":118,"column":47}},"28":{"start":{"line":120,"column":4},"end":{"line":125,"column":5}},"29":{"start":{"line":121,"column":6},"end":{"line":124,"column":9}},"30":{"start":{"line":128,"column":4},"end":{"line":133,"column":5}},"31":{"start":{"line":129,"column":6},"end":{"line":132,"column":9}},"32":{"start":{"line":136,"column":4},"end":{"line":138,"column":6}},"33":{"start":{"line":137,"column":13},"end":{"line":137,"column":45}},"34":{"start":{"line":140,"column":4},"end":{"line":140,"column":22}},"35":{"start":{"line":142,"column":4},"end":{"line":146,"column":7}},"36":{"start":{"line":148,"column":4},"end":{"line":152,"column":7}},"37":{"start":{"line":159,"column":25},"end":{"line":195,"column":1}},"38":{"start":{"line":160,"column":2},"end":{"line":194,"column":3}},"39":{"start":{"line":161,"column":32},"end":{"line":161,"column":40}},"40":{"start":{"line":163,"column":17},"end":{"line":163,"column":47}},"41":{"start":{"line":165,"column":4},"end":{"line":170,"column":5}},"42":{"start":{"line":166,"column":6},"end":{"line":169,"column":9}},"43":{"start":{"line":173,"column":4},"end":{"line":178,"column":5}},"44":{"start":{"line":174,"column":6},"end":{"line":177,"column":9}},"45":{"start":{"line":180,"column":4},"end":{"line":180,"column":27}},"46":{"start":{"line":181,"column":4},"end":{"line":181,"column":22}},"47":{"start":{"line":183,"column":4},"end":{"line":187,"column":7}},"48":{"start":{"line":189,"column":4},"end":{"line":193,"column":7}},"49":{"start":{"line":200,"column":26},"end":{"line":236,"column":1}},"50":{"start":{"line":201,"column":2},"end":{"line":235,"column":3}},"51":{"start":{"line":202,"column":32},"end":{"line":202,"column":40}},"52":{"start":{"line":204,"column":17},"end":{"line":204,"column":47}},"53":{"start":{"line":206,"column":4},"end":{"line":211,"column":5}},"54":{"start":{"line":207,"column":6},"end":{"line":210,"column":9}},"55":{"start":{"line":214,"column":4},"end":{"line":219,"column":5}},"56":{"start":{"line":215,"column":6},"end":{"line":218,"column":9}},"57":{"start":{"line":221,"column":4},"end":{"line":221,"column":27}},"58":{"start":{"line":222,"column":4},"end":{"line":222,"column":22}},"59":{"start":{"line":224,"column":4},"end":{"line":228,"column":7}},"60":{"start":{"line":230,"column":4},"end":{"line":234,"column":7}}},"fnMap":{"0":{"name":"(anonymous_0)","decl":{"start":{"line":8,"column":32},"end":{"line":8,"column":33}},"loc":{"start":{"line":8,"column":52},"end":{"line":61,"column":1}},"line":8},"1":{"name":"(anonymous_1)","decl":{"start":{"line":66,"column":30},"end":{"line":66,"column":31}},"loc":{"start":{"line":66,"column":50},"end":{"line":109,"column":1}},"line":66},"2":{"name":"(anonymous_2)","decl":{"start":{"line":86,"column":23},"end":{"line":86,"column":24}},"loc":{"start":{"line":86,"column":34},"end":{"line":95,"column":7}},"line":86},"3":{"name":"(anonymous_3)","decl":{"start":{"line":114,"column":26},"end":{"line":114,"column":27}},"loc":{"start":{"line":114,"column":46},"end":{"line":154,"column":1}},"line":114},"4":{"name":"(anonymous_4)","decl":{"start":{"line":137,"column":6},"end":{"line":137,"column":7}},"loc":{"start":{"line":137,"column":13},"end":{"line":137,"column":45}},"line":137},"5":{"name":"(anonymous_5)","decl":{"start":{"line":159,"column":25},"end":{"line":159,"column":26}},"loc":{"start":{"line":159,"column":45},"end":{"line":195,"column":1}},"line":159},"6":{"name":"(anonymous_6)","decl":{"start":{"line":200,"column":26},"end":{"line":200,"column":27}},"loc":{"start":{"line":200,"column":46},"end":{"line":236,"column":1}},"line":200}},"branchMap":{"0":{"loc":{"start":{"line":10,"column":50},"end":{"line":10,"column":66}},"type":"default-arg","locations":[{"start":{"line":10,"column":61},"end":{"line":10,"column":66}}],"line":10},"1":{"loc":{"start":{"line":12,"column":4},"end":{"line":17,"column":5}},"type":"if","locations":[{"start":{"line":12,"column":4},"end":{"line":17,"column":5}},{"start":{},"end":{}}],"line":12},"2":{"loc":{"start":{"line":68,"column":32},"end":{"line":68,"column":42}},"type":"default-arg","locations":[{"start":{"line":68,"column":40},"end":{"line":68,"column":42}}],"line":68},"3":{"loc":{"start":{"line":68,"column":44},"end":{"line":68,"column":52}},"type":"default-arg","locations":[{"start":{"line":68,"column":51},"end":{"line":68,"column":52}}],"line":68},"4":{"loc":{"start":{"line":72,"column":4},"end":{"line":72,"column":45}},"type":"if","locations":[{"start":{"line":72,"column":4},"end":{"line":72,"column":45}},{"start":{},"end":{}}],"line":72},"5":{"loc":{"start":{"line":73,"column":4},"end":{"line":73,"column":70}},"type":"if","locations":[{"start":{"line":73,"column":4},"end":{"line":73,"column":70}},{"start":{},"end":{}}],"line":73},"6":{"loc":{"start":{"line":120,"column":4},"end":{"line":125,"column":5}},"type":"if","locations":[{"start":{"line":120,"column":4},"end":{"line":125,"column":5}},{"start":{},"end":{}}],"line":120},"7":{"loc":{"start":{"line":128,"column":4},"end":{"line":133,"column":5}},"type":"if","locations":[{"start":{"line":128,"column":4},"end":{"line":133,"column":5}},{"start":{},"end":{}}],"line":128},"8":{"loc":{"start":{"line":165,"column":4},"end":{"line":170,"column":5}},"type":"if","locations":[{"start":{"line":165,"column":4},"end":{"line":170,"column":5}},{"start":{},"end":{}}],"line":165},"9":{"loc":{"start":{"line":173,"column":4},"end":{"line":178,"column":5}},"type":"if","locations":[{"start":{"line":173,"column":4},"end":{"line":178,"column":5}},{"start":{},"end":{}}],"line":173},"10":{"loc":{"start":{"line":206,"column":4},"end":{"line":211,"column":5}},"type":"if","locations":[{"start":{"line":206,"column":4},"end":{"line":211,"column":5}},{"start":{},"end":{}}],"line":206},"11":{"loc":{"start":{"line":214,"column":4},"end":{"line":219,"column":5}},"type":"if","locations":[{"start":{"line":214,"column":4},"end":{"line":219,"column":5}},{"start":{},"end":{}}],"line":214}},"s":{"0":0,"1":0,"2":0,"3":0,"4":0,"5":0,"6":0,"7":0,"8":0,"9":0,"10":0,"11":0,"12":0,"13":0,"14":0,"15":0,"16":0,"17":0,"18":0,"19":0,"20":0,"21":0,"22":0,"23":0,"24":0,"25":0,"26":0,"27":0,"28":0,"29":0,"30":0,"31":0,"32":0,"33":0,"34":0,"35":0,"36":0,"37":0,"38":0,"39":0,"40":0,"41":0,"42":0,"43":0,"44":0,"45":0,"46":0,"47":0,"48":0,"49":0,"50":0,"51":0,"52":0,"53":0,"54":0,"55":0,"56":0,"57":0,"58":0,"59":0,"60":0},"f":{"0":0,"1":0,"2":0,"3":0,"4":0,"5":0,"6":0},"b":{"0":[0],"1":[0,0],"2":[0],"3":[0],"4":[0,0],"5":[0,0],"6":[0,0],"7":[0,0],"8":[0,0],"9":[0,0],"10":[0,0],"11":[0,0]},"inputSourceMap":null}
,"/Users/havyasreekuppam/Downloads/Multiplayer/server/controllers/rankingController.js": {"path":"/Users/havyasreekuppam/Downloads/Multiplayer/server/controllers/rankingController.js","statementMap":{"0":{"start":{"line":16,"column":26},"end":{"line":49,"column":1}},"1":{"start":{"line":17,"column":2},"end":{"line":48,"column":3}},"2":{"start":{"line":18,"column":23},"end":{"line":18,"column":33}},"3":{"start":{"line":20,"column":18},"end":{"line":20,"column":51}},"4":{"start":{"line":22,"column":4},"end":{"line":30,"column":5}},"5":{"start":{"line":24,"column":6},"end":{"line":29,"column":9}},"6":{"start":{"line":33,"column":17},"end":{"line":33,"column":70}},"7":{"start":{"line":35,"column":4},"end":{"line":41,"column":7}},"8":{"start":{"line":43,"column":4},"end":{"line":47,"column":7}},"9":{"start":{"line":54,"column":30},"end":{"line":83,"column":1}},"10":{"start":{"line":55,"column":2},"end":{"line":82,"column":3}},"11":{"start":{"line":56,"column":38},"end":{"line":56,"column":47}},"12":{"start":{"line":57,"column":17},"end":{"line":57,"column":35}},"13":{"start":{"line":59,"column":21},"end":{"line":63,"column":50}},"14":{"start":{"line":65,"column":18},"end":{"line":65,"column":48}},"15":{"start":{"line":67,"column":4},"end":{"line":75,"column":7}},"16":{"start":{"line":77,"column":4},"end":{"line":81,"column":7}},"17":{"start":{"line":88,"column":39},"end":{"line":192,"column":1}},"18":{"start":{"line":89,"column":2},"end":{"line":191,"column":3}},"19":{"start":{"line":90,"column":68},"end":{"line":90,"column":76}},"20":{"start":{"line":93,"column":24},"end":{"line":93,"column":67}},"21":{"start":{"line":94,"column":23},"end":{"line":94,"column":65}},"22":{"start":{"line":97,"column":4},"end":{"line":102,"column":5}},"23":{"start":{"line":98,"column":6},"end":{"line":101,"column":9}},"24":{"start":{"line":104,"column":4},"end":{"line":109,"column":5}},"25":{"start":{"line":105,"column":6},"end":{"line":108,"column":9}},"26":{"start":{"line":112,"column":28},"end":{"line":116,"column":5}},"27":{"start":{"line":118,"column":27},"end":{"line":122,"column":5}},"28":{"start":{"line":125,"column":28},"end":{"line":128,"column":5}},"29":{"start":{"line":129,"column":27},"end":{"line":132,"column":5}},"30":{"start":{"line":135,"column":27},"end":{"line":135,"column":59}},"31":{"start":{"line":136,"column":26},"end":{"line":136,"column":57}},"32":{"start":{"line":139,"column":4},"end":{"line":139,"column":46}},"33":{"start":{"line":140,"column":4},"end":{"line":140,"column":41}},"34":{"start":{"line":141,"column":4},"end":{"line":141,"column":68}},"35":{"start":{"line":142,"column":4},"end":{"line":142,"column":40}},"36":{"start":{"line":143,"column":4},"end":{"line":143,"column":34}},"37":{"start":{"line":144,"column":4},"end":{"line":144,"column":33}},"38":{"start":{"line":146,"column":4},"end":{"line":148,"column":5}},"39":{"start":{"line":147,"column":6},"end":{"line":147,"column":60}},"40":{"start":{"line":150,"column":4},"end":{"line":150,"column":47}},"41":{"start":{"line":153,"column":25},"end":{"line":153,"column":51}},"42":{"start":{"line":154,"column":4},"end":{"line":154,"column":40}},"43":{"start":{"line":157,"column":4},"end":{"line":157,"column":44}},"44":{"start":{"line":158,"column":4},"end":{"line":158,"column":39}},"45":{"start":{"line":159,"column":4},"end":{"line":159,"column":66}},"46":{"start":{"line":160,"column":4},"end":{"line":160,"column":39}},"47":{"start":{"line":161,"column":4},"end":{"line":161,"column":31}},"48":{"start":{"line":162,"column":4},"end":{"line":162,"column":46}},"49":{"start":{"line":165,"column":24},"end":{"line":165,"column":49}},"50":{"start":{"line":166,"column":4},"end":{"line":166,"column":38}},"51":{"start":{"line":169,"column":4},"end":{"line":169,"column":31}},"52":{"start":{"line":170,"column":4},"end":{"line":170,"column":30}},"53":{"start":{"line":172,"column":4},"end":{"line":183,"column":7}},"54":{"start":{"line":185,"column":4},"end":{"line":185,"column":52}},"55":{"start":{"line":186,"column":4},"end":{"line":190,"column":7}},"56":{"start":{"line":197,"column":31},"end":{"line":239,"column":1}},"57":{"start":{"line":198,"column":2},"end":{"line":238,"column":3}},"58":{"start":{"line":199,"column":33},"end":{"line":199,"column":42}},"59":{"start":{"line":201,"column":21},"end":{"line":204,"column":5}},"60":{"start":{"line":205,"column":21},"end":{"line":208,"column":5}},"61":{"start":{"line":210,"column":4},"end":{"line":215,"column":5}},"62":{"start":{"line":211,"column":6},"end":{"line":214,"column":9}},"63":{"start":{"line":217,"column":4},"end":{"line":231,"column":7}},"64":{"start":{"line":233,"column":4},"end":{"line":237,"column":7}}},"fnMap":{"0":{"name":"(anonymous_0)","decl":{"start":{"line":16,"column":26},"end":{"line":16,"column":27}},"loc":{"start":{"line":16,"column":46},"end":{"line":49,"column":1}},"line":16},"1":{"name":"(anonymous_1)","decl":{"start":{"line":54,"column":30},"end":{"line":54,"column":31}},"loc":{"start":{"line":54,"column":50},"end":{"line":83,"column":1}},"line":54},"2":{"name":"(anonymous_2)","decl":{"start":{"line":88,"column":39},"end":{"line":88,"column":40}},"loc":{"start":{"line":88,"column":59},"end":{"line":192,"column":1}},"line":88},"3":{"name":"(anonymous_3)","decl":{"start":{"line":197,"column":31},"end":{"line":197,"column":32}},"loc":{"start":{"line":197,"column":51},"end":{"line":239,"column":1}},"line":197}},"branchMap":{"0":{"loc":{"start":{"line":22,"column":4},"end":{"line":30,"column":5}},"type":"if","locations":[{"start":{"line":22,"column":4},"end":{"line":30,"column":5}},{"start":{},"end":{}}],"line":22},"1":{"loc":{"start":{"line":56,"column":12},"end":{"line":56,"column":23}},"type":"default-arg","locations":[{"start":{"line":56,"column":20},"end":{"line":56,"column":23}}],"line":56},"2":{"loc":{"start":{"line":56,"column":25},"end":{"line":56,"column":33}},"type":"default-arg","locations":[{"start":{"line":56,"column":32},"end":{"line":56,"column":33}}],"line":56},"3":{"loc":{"start":{"line":97,"column":4},"end":{"line":102,"column":5}},"type":"if","locations":[{"start":{"line":97,"column":4},"end":{"line":102,"column":5}},{"start":{},"end":{}}],"line":97},"4":{"loc":{"start":{"line":104,"column":4},"end":{"line":109,"column":5}},"type":"if","locations":[{"start":{"line":104,"column":4},"end":{"line":109,"column":5}},{"start":{},"end":{}}],"line":104},"5":{"loc":{"start":{"line":146,"column":4},"end":{"line":148,"column":5}},"type":"if","locations":[{"start":{"line":146,"column":4},"end":{"line":148,"column":5}},{"start":{},"end":{}}],"line":146},"6":{"loc":{"start":{"line":210,"column":4},"end":{"line":215,"column":5}},"type":"if","locations":[{"start":{"line":210,"column":4},"end":{"line":215,"column":5}},{"start":{},"end":{}}],"line":210},"7":{"loc":{"start":{"line":210,"column":8},"end":{"line":210,"column":30}},"type":"binary-expr","locations":[{"start":{"line":210,"column":8},"end":{"line":210,"column":17}},{"start":{"line":210,"column":21},"end":{"line":210,"column":30}}],"line":210}},"s":{"0":0,"1":0,"2":0,"3":0,"4":0,"5":0,"6":0,"7":0,"8":0,"9":0,"10":0,"11":0,"12":0,"13":0,"14":0,"15":0,"16":0,"17":0,"18":0,"19":0,"20":0,"21":0,"22":0,"23":0,"24":0,"25":0,"26":0,"27":0,"28":0,"29":0,"30":0,"31":0,"32":0,"33":0,"34":0,"35":0,"36":0,"37":0,"38":0,"39":0,"40":0,"41":0,"42":0,"43":0,"44":0,"45":0,"46":0,"47":0,"48":0,"49":0,"50":0,"51":0,"52":0,"53":0,"54":0,"55":0,"56":0,"57":0,"58":0,"59":0,"60":0,"61":0,"62":0,"63":0,"64":0},"f":{"0":0,"1":0,"2":0,"3":0},"b":{"0":[0,0],"1":[0],"2":[0],"3":[0,0],"4":[0,0],"5":[0,0],"6":[0,0],"7":[0,0]},"inputSourceMap":null}
,"/Users/havyasreekuppam/Downloads/Multiplayer/server/controllers/roomController.js": {"path":"/Users/havyasreekuppam/Downloads/Multiplayer/server/controllers/roomController.js","statementMap":{"0":{"start":{"line":6,"column":25},"end":{"line":8,"column":1}},"1":{"start":{"line":7,"column":2},"end":{"line":7,"column":66}},"2":{"start":{"line":11,"column":26},"end":{"line":64,"column":1}},"3":{"start":{"line":12,"column":2},"end":{"line":63,"column":3}},"4":{"start":{"line":13,"column":61},"end":{"line":13,"column":69}},"5":{"start":{"line":16,"column":4},"end":{"line":18,"column":5}},"6":{"start":{"line":17,"column":6},"end":{"line":17,"column":84}},"7":{"start":{"line":21,"column":15},"end":{"line":21,"column":47}},"8":{"start":{"line":22,"column":4},"end":{"line":25,"column":5}},"9":{"start":{"line":23,"column":6},"end":{"line":23,"column":36}},"10":{"start":{"line":24,"column":6},"end":{"line":24,"column":24}},"11":{"start":{"line":28,"column":19},"end":{"line":28,"column":37}},"12":{"start":{"line":31,"column":17},"end":{"line":44,"column":6}},"13":{"start":{"line":46,"column":4},"end":{"line":46,"column":22}},"14":{"start":{"line":48,"column":4},"end":{"line":59,"column":7}},"15":{"start":{"line":61,"column":4},"end":{"line":61,"column":57}},"16":{"start":{"line":62,"column":4},"end":{"line":62,"column":76}},"17":{"start":{"line":67,"column":24},"end":{"line":130,"column":1}},"18":{"start":{"line":68,"column":2},"end":{"line":129,"column":3}},"19":{"start":{"line":69,"column":33},"end":{"line":69,"column":41}},"20":{"start":{"line":71,"column":4},"end":{"line":73,"column":5}},"21":{"start":{"line":72,"column":6},"end":{"line":72,"column":82}},"22":{"start":{"line":76,"column":17},"end":{"line":76,"column":47}},"23":{"start":{"line":77,"column":4},"end":{"line":79,"column":5}},"24":{"start":{"line":78,"column":6},"end":{"line":78,"column":67}},"25":{"start":{"line":82,"column":4},"end":{"line":84,"column":5}},"26":{"start":{"line":83,"column":6},"end":{"line":83,"column":80}},"27":{"start":{"line":87,"column":25},"end":{"line":87,"column":74}},"28":{"start":{"line":87,"column":50},"end":{"line":87,"column":73}},"29":{"start":{"line":88,"column":4},"end":{"line":90,"column":5}},"30":{"start":{"line":89,"column":6},"end":{"line":89,"column":76}},"31":{"start":{"line":93,"column":4},"end":{"line":95,"column":5}},"32":{"start":{"line":94,"column":6},"end":{"line":94,"column":65}},"33":{"start":{"line":98,"column":15},"end":{"line":98,"column":47}},"34":{"start":{"line":99,"column":4},"end":{"line":102,"column":5}},"35":{"start":{"line":100,"column":6},"end":{"line":100,"column":36}},"36":{"start":{"line":101,"column":6},"end":{"line":101,"column":24}},"37":{"start":{"line":105,"column":4},"end":{"line":109,"column":7}},"38":{"start":{"line":111,"column":4},"end":{"line":111,"column":22}},"39":{"start":{"line":113,"column":4},"end":{"line":125,"column":7}},"40":{"start":{"line":127,"column":4},"end":{"line":127,"column":55}},"41":{"start":{"line":128,"column":4},"end":{"line":128,"column":76}},"42":{"start":{"line":133,"column":38},"end":{"line":153,"column":1}},"43":{"start":{"line":134,"column":2},"end":{"line":152,"column":3}},"44":{"start":{"line":135,"column":25},"end":{"line":135,"column":35}},"45":{"start":{"line":136,"column":27},"end":{"line":136,"column":36}},"46":{"start":{"line":138,"column":22},"end":{"line":138,"column":78}},"47":{"start":{"line":140,"column":4},"end":{"line":142,"column":5}},"48":{"start":{"line":141,"column":6},"end":{"line":141,"column":89}},"49":{"start":{"line":144,"column":4},"end":{"line":148,"column":7}},"50":{"start":{"line":150,"column":4},"end":{"line":150,"column":59}},"51":{"start":{"line":151,"column":4},"end":{"line":151,"column":76}},"52":{"start":{"line":156,"column":30},"end":{"line":173,"column":1}},"53":{"start":{"line":157,"column":2},"end":{"line":172,"column":3}},"54":{"start":{"line":158,"column":23},"end":{"line":158,"column":33}},"55":{"start":{"line":160,"column":17},"end":{"line":160,"column":69}},"56":{"start":{"line":161,"column":4},"end":{"line":163,"column":5}},"57":{"start":{"line":162,"column":6},"end":{"line":162,"column":67}},"58":{"start":{"line":165,"column":4},"end":{"line":168,"column":7}},"59":{"start":{"line":170,"column":4},"end":{"line":170,"column":62}},"60":{"start":{"line":171,"column":4},"end":{"line":171,"column":76}},"61":{"start":{"line":176,"column":28},"end":{"line":211,"column":1}},"62":{"start":{"line":177,"column":2},"end":{"line":210,"column":3}},"63":{"start":{"line":178,"column":64},"end":{"line":178,"column":72}},"64":{"start":{"line":180,"column":4},"end":{"line":182,"column":5}},"65":{"start":{"line":181,"column":6},"end":{"line":181,"column":76}},"66":{"start":{"line":184,"column":17},"end":{"line":184,"column":47}},"67":{"start":{"line":185,"column":4},"end":{"line":187,"column":5}},"68":{"start":{"line":186,"column":6},"end":{"line":186,"column":67}},"69":{"start":{"line":190,"column":24},"end":{"line":190,"column":78}},"70":{"start":{"line":190,"column":54},"end":{"line":190,"column":77}},"71":{"start":{"line":191,"column":4},"end":{"line":193,"column":5}},"72":{"start":{"line":192,"column":6},"end":{"line":192,"column":77}},"73":{"start":{"line":196,"column":4},"end":{"line":198,"column":5}},"74":{"start":{"line":197,"column":6},"end":{"line":197,"column":45}},"75":{"start":{"line":199,"column":4},"end":{"line":199,"column":70}},"76":{"start":{"line":201,"column":4},"end":{"line":201,"column":22}},"77":{"start":{"line":203,"column":4},"end":{"line":206,"column":7}},"78":{"start":{"line":208,"column":4},"end":{"line":208,"column":59}},"79":{"start":{"line":209,"column":4},"end":{"line":209,"column":76}},"80":{"start":{"line":214,"column":33},"end":{"line":234,"column":1}},"81":{"start":{"line":215,"column":2},"end":{"line":233,"column":3}},"82":{"start":{"line":216,"column":23},"end":{"line":216,"column":33}},"83":{"start":{"line":218,"column":17},"end":{"line":218,"column":47}},"84":{"start":{"line":219,"column":4},"end":{"line":221,"column":5}},"85":{"start":{"line":220,"column":6},"end":{"line":220,"column":67}},"86":{"start":{"line":224,"column":24},"end":{"line":224,"column":70}},"87":{"start":{"line":224,"column":52},"end":{"line":224,"column":69}},"88":{"start":{"line":226,"column":4},"end":{"line":229,"column":7}},"89":{"start":{"line":231,"column":4},"end":{"line":231,"column":64}},"90":{"start":{"line":232,"column":4},"end":{"line":232,"column":76}}},"fnMap":{"0":{"name":"(anonymous_0)","decl":{"start":{"line":6,"column":25},"end":{"line":6,"column":26}},"loc":{"start":{"line":6,"column":31},"end":{"line":8,"column":1}},"line":6},"1":{"name":"(anonymous_1)","decl":{"start":{"line":11,"column":26},"end":{"line":11,"column":27}},"loc":{"start":{"line":11,"column":46},"end":{"line":64,"column":1}},"line":11},"2":{"name":"(anonymous_2)","decl":{"start":{"line":67,"column":24},"end":{"line":67,"column":25}},"loc":{"start":{"line":67,"column":44},"end":{"line":130,"column":1}},"line":67},"3":{"name":"(anonymous_3)","decl":{"start":{"line":87,"column":43},"end":{"line":87,"column":44}},"loc":{"start":{"line":87,"column":50},"end":{"line":87,"column":73}},"line":87},"4":{"name":"(anonymous_4)","decl":{"start":{"line":133,"column":38},"end":{"line":133,"column":39}},"loc":{"start":{"line":133,"column":58},"end":{"line":153,"column":1}},"line":133},"5":{"name":"(anonymous_5)","decl":{"start":{"line":156,"column":30},"end":{"line":156,"column":31}},"loc":{"start":{"line":156,"column":50},"end":{"line":173,"column":1}},"line":156},"6":{"name":"(anonymous_6)","decl":{"start":{"line":176,"column":28},"end":{"line":176,"column":29}},"loc":{"start":{"line":176,"column":48},"end":{"line":211,"column":1}},"line":176},"7":{"name":"(anonymous_7)","decl":{"start":{"line":190,"column":47},"end":{"line":190,"column":48}},"loc":{"start":{"line":190,"column":54},"end":{"line":190,"column":77}},"line":190},"8":{"name":"(anonymous_8)","decl":{"start":{"line":214,"column":33},"end":{"line":214,"column":34}},"loc":{"start":{"line":214,"column":53},"end":{"line":234,"column":1}},"line":214},"9":{"name":"(anonymous_9)","decl":{"start":{"line":224,"column":42},"end":{"line":224,"column":43}},"loc":{"start":{"line":224,"column":52},"end":{"line":224,"column":69}},"line":224}},"branchMap":{"0":{"loc":{"start":{"line":16,"column":4},"end":{"line":18,"column":5}},"type":"if","locations":[{"start":{"line":16,"column":4},"end":{"line":18,"column":5}},{"start":{},"end":{}}],"line":16},"1":{"loc":{"start":{"line":16,"column":8},"end":{"line":16,"column":30}},"type":"binary-expr","locations":[{"start":{"line":16,"column":8},"end":{"line":16,"column":17}},{"start":{"line":16,"column":21},"end":{"line":16,"column":30}}],"line":16},"2":{"loc":{"start":{"line":22,"column":4},"end":{"line":25,"column":5}},"type":"if","locations":[{"start":{"line":22,"column":4},"end":{"line":25,"column":5}},{"start":{},"end":{}}],"line":22},"3":{"loc":{"start":{"line":35,"column":16},"end":{"line":35,"column":37}},"type":"binary-expr","locations":[{"start":{"line":35,"column":16},"end":{"line":35,"column":24}},{"start":{"line":35,"column":28},"end":{"line":35,"column":37}}],"line":35},"4":{"loc":{"start":{"line":36,"column":22},"end":{"line":36,"column":41}},"type":"binary-expr","locations":[{"start":{"line":36,"column":22},"end":{"line":36,"column":36}},{"start":{"line":36,"column":40},"end":{"line":36,"column":41}}],"line":36},"5":{"loc":{"start":{"line":71,"column":4},"end":{"line":73,"column":5}},"type":"if","locations":[{"start":{"line":71,"column":4},"end":{"line":73,"column":5}},{"start":{},"end":{}}],"line":71},"6":{"loc":{"start":{"line":71,"column":8},"end":{"line":71,"column":28}},"type":"binary-expr","locations":[{"start":{"line":71,"column":8},"end":{"line":71,"column":15}},{"start":{"line":71,"column":19},"end":{"line":71,"column":28}}],"line":71},"7":{"loc":{"start":{"line":77,"column":4},"end":{"line":79,"column":5}},"type":"if","locations":[{"start":{"line":77,"column":4},"end":{"line":79,"column":5}},{"start":{},"end":{}}],"line":77},"8":{"loc":{"start":{"line":82,"column":4},"end":{"line":84,"column":5}},"type":"if","locations":[{"start":{"line":82,"column":4},"end":{"line":84,"column":5}},{"start":{},"end":{}}],"line":82},"9":{"loc":{"start":{"line":88,"column":4},"end":{"line":90,"column":5}},"type":"if","locations":[{"start":{"line":88,"column":4},"end":{"line":90,"column":5}},{"start":{},"end":{}}],"line":88},"10":{"loc":{"start":{"line":93,"column":4},"end":{"line":95,"column":5}},"type":"if","locations":[{"start":{"line":93,"column":4},"end":{"line":95,"column":5}},{"start":{},"end":{}}],"line":93},"11":{"loc":{"start":{"line":99,"column":4},"end":{"line":102,"column":5}},"type":"if","locations":[{"start":{"line":99,"column":4},"end":{"line":102,"column":5}},{"start":{},"end":{}}],"line":99},"12":{"loc":{"start":{"line":136,"column":12},"end":{"line":136,"column":22}},"type":"default-arg","locations":[{"start":{"line":136,"column":20},"end":{"line":136,"column":22}}],"line":136},"13":{"loc":{"start":{"line":140,"column":4},"end":{"line":142,"column":5}},"type":"if","locations":[{"start":{"line":140,"column":4},"end":{"line":142,"column":5}},{"start":{},"end":{}}],"line":140},"14":{"loc":{"start":{"line":161,"column":4},"end":{"line":163,"column":5}},"type":"if","locations":[{"start":{"line":161,"column":4},"end":{"line":163,"column":5}},{"start":{},"end":{}}],"line":161},"15":{"loc":{"start":{"line":180,"column":4},"end":{"line":182,"column":5}},"type":"if","locations":[{"start":{"line":180,"column":4},"end":{"line":182,"column":5}},{"start":{},"end":{}}],"line":180},"16":{"loc":{"start":{"line":180,"column":8},"end":{"line":180,"column":91}},"type":"binary-expr","locations":[{"start":{"line":180,"column":8},"end":{"line":180,"column":15}},{"start":{"line":180,"column":19},"end":{"line":180,"column":28}},{"start":{"line":180,"column":32},"end":{"line":180,"column":59}},{"start":{"line":180,"column":63},"end":{"line":180,"column":91}}],"line":180},"17":{"loc":{"start":{"line":185,"column":4},"end":{"line":187,"column":5}},"type":"if","locations":[{"start":{"line":185,"column":4},"end":{"line":187,"column":5}},{"start":{},"end":{}}],"line":185},"18":{"loc":{"start":{"line":191,"column":4},"end":{"line":193,"column":5}},"type":"if","locations":[{"start":{"line":191,"column":4},"end":{"line":193,"column":5}},{"start":{},"end":{}}],"line":191},"19":{"loc":{"start":{"line":196,"column":4},"end":{"line":198,"column":5}},"type":"if","locations":[{"start":{"line":196,"column":4},"end":{"line":198,"column":5}},{"start":{},"end":{}}],"line":196},"20":{"loc":{"start":{"line":219,"column":4},"end":{"line":221,"column":5}},"type":"if","locations":[{"start":{"line":219,"column":4},"end":{"line":221,"column":5}},{"start":{},"end":{}}],"line":219}},"s":{"0":0,"1":0,"2":0,"3":0,"4":0,"5":0,"6":0,"7":0,"8":0,"9":0,"10":0,"11":0,"12":0,"13":0,"14":0,"15":0,"16":0,"17":0,"18":0,"19":0,"20":0,"21":0,"22":0,"23":0,"24":0,"25":0,"26":0,"27":0,"28":0,"29":0,"30":0,"31":0,"32":0,"33":0,"34":0,"35":0,"36":0,"37":0,"38":0,"39":0,"40":0,"41":0,"42":0,"43":0,"44":0,"45":0,"46":0,"47":0,"48":0,"49":0,"50":0,"51":0,"52":0,"53":0,"54":0,"55":0,"56":0,"57":0,"58":0,"59":0,"60":0,"61":0,"62":0,"63":0,"64":0,"65":0,"66":0,"67":0,"68":0,"69":0,"70":0,"71":0,"72":0,"73":0,"74":0,"75":0,"76":0,"77":0,"78":0,"79":0,"80":0,"81":0,"82":0,"83":0,"84":0,"85":0,"86":0,"87":0,"88":0,"89":0,"90":0},"f":{"0":0,"1":0,"2":0,"3":0,"4":0,"5":0,"6":0,"7":0,"8":0,"9":0},"b":{"0":[0,0],"1":[0,0],"2":[0,0],"3":[0,0],"4":[0,0],"5":[0,0],"6":[0,0],"7":[0,0],"8":[0,0],"9":[0,0],"10":[0,0],"11":[0,0],"12":[0],"13":[0,0],"14":[0,0],"15":[0,0],"16":[0,0,0,0],"17":[0,0],"18":[0,0],"19":[0,0],"20":[0,0]},"inputSourceMap":null}
,"/Users/havyasreekuppam/Downloads/Multiplayer/server/middleware/advancedAuthMiddleware.js": {"path":"/Users/havyasreekuppam/Downloads/Multiplayer/server/middleware/advancedAuthMiddleware.js","statementMap":{"0":{"start":{"line":14,"column":33},"end":{"line":54,"column":1}},"1":{"start":{"line":15,"column":2},"end":{"line":53,"column":3}},"2":{"start":{"line":16,"column":18},"end":{"line":16,"column":85}},"3":{"start":{"line":18,"column":4},"end":{"line":24,"column":5}},"4":{"start":{"line":19,"column":6},"end":{"line":19,"column":67}},"5":{"start":{"line":20,"column":6},"end":{"line":23,"column":9}},"6":{"start":{"line":26,"column":20},"end":{"line":26,"column":61}},"7":{"start":{"line":27,"column":4},"end":{"line":27,"column":23}},"8":{"start":{"line":30,"column":17},"end":{"line":30,"column":48}},"9":{"start":{"line":31,"column":4},"end":{"line":36,"column":5}},"10":{"start":{"line":32,"column":6},"end":{"line":35,"column":9}},"11":{"start":{"line":38,"column":4},"end":{"line":38,"column":11}},"12":{"start":{"line":40,"column":4},"end":{"line":46,"column":5}},"13":{"start":{"line":41,"column":6},"end":{"line":45,"column":9}},"14":{"start":{"line":48,"column":4},"end":{"line":48,"column":65}},"15":{"start":{"line":49,"column":4},"end":{"line":52,"column":7}},"16":{"start":{"line":59,"column":34},"end":{"line":130,"column":1}},"17":{"start":{"line":60,"column":2},"end":{"line":129,"column":3}},"18":{"start":{"line":61,"column":25},"end":{"line":61,"column":49}},"19":{"start":{"line":63,"column":4},"end":{"line":68,"column":5}},"20":{"start":{"line":64,"column":6},"end":{"line":67,"column":9}},"21":{"start":{"line":71,"column":24},"end":{"line":74,"column":6}},"22":{"start":{"line":76,"column":4},"end":{"line":81,"column":5}},"23":{"start":{"line":77,"column":6},"end":{"line":80,"column":9}},"24":{"start":{"line":84,"column":4},"end":{"line":90,"column":5}},"25":{"start":{"line":85,"column":6},"end":{"line":85,"column":61}},"26":{"start":{"line":86,"column":6},"end":{"line":89,"column":9}},"27":{"start":{"line":93,"column":17},"end":{"line":93,"column":56}},"28":{"start":{"line":94,"column":4},"end":{"line":99,"column":5}},"29":{"start":{"line":95,"column":6},"end":{"line":98,"column":9}},"30":{"start":{"line":102,"column":27},"end":{"line":106,"column":5}},"31":{"start":{"line":109,"column":4},"end":{"line":114,"column":7}},"32":{"start":{"line":116,"column":4},"end":{"line":116,"column":60}},"33":{"start":{"line":118,"column":4},"end":{"line":122,"column":7}},"34":{"start":{"line":124,"column":4},"end":{"line":124,"column":44}},"35":{"start":{"line":125,"column":4},"end":{"line":128,"column":7}},"36":{"start":{"line":135,"column":25},"end":{"line":161,"column":1}},"37":{"start":{"line":136,"column":2},"end":{"line":160,"column":4}},"38":{"start":{"line":137,"column":4},"end":{"line":142,"column":5}},"39":{"start":{"line":138,"column":6},"end":{"line":141,"column":9}},"40":{"start":{"line":144,"column":21},"end":{"line":144,"column":46}},"41":{"start":{"line":146,"column":4},"end":{"line":157,"column":5}},"42":{"start":{"line":147,"column":6},"end":{"line":151,"column":9}},"43":{"start":{"line":153,"column":6},"end":{"line":156,"column":9}},"44":{"start":{"line":159,"column":4},"end":{"line":159,"column":11}},"45":{"start":{"line":166,"column":31},"end":{"line":176,"column":1}},"46":{"start":{"line":167,"column":2},"end":{"line":175,"column":3}},"47":{"start":{"line":168,"column":4},"end":{"line":171,"column":6}},"48":{"start":{"line":172,"column":4},"end":{"line":172,"column":46}},"49":{"start":{"line":174,"column":4},"end":{"line":174,"column":59}}},"fnMap":{"0":{"name":"(anonymous_0)","decl":{"start":{"line":14,"column":33},"end":{"line":14,"column":34}},"loc":{"start":{"line":14,"column":59},"end":{"line":54,"column":1}},"line":14},"1":{"name":"(anonymous_1)","decl":{"start":{"line":59,"column":34},"end":{"line":59,"column":35}},"loc":{"start":{"line":59,"column":54},"end":{"line":130,"column":1}},"line":59},"2":{"name":"(anonymous_2)","decl":{"start":{"line":135,"column":25},"end":{"line":135,"column":26}},"loc":{"start":{"line":135,"column":48},"end":{"line":161,"column":1}},"line":135},"3":{"name":"(anonymous_3)","decl":{"start":{"line":136,"column":9},"end":{"line":136,"column":10}},"loc":{"start":{"line":136,"column":29},"end":{"line":160,"column":3}},"line":136},"4":{"name":"(anonymous_4)","decl":{"start":{"line":166,"column":31},"end":{"line":166,"column":32}},"loc":{"start":{"line":166,"column":49},"end":{"line":176,"column":1}},"line":166}},"branchMap":{"0":{"loc":{"start":{"line":16,"column":18},"end":{"line":16,"column":85}},"type":"binary-expr","locations":[{"start":{"line":16,"column":18},"end":{"line":16,"column":41}},{"start":{"line":16,"column":45},"end":{"line":16,"column":85}}],"line":16},"1":{"loc":{"start":{"line":18,"column":4},"end":{"line":24,"column":5}},"type":"if","locations":[{"start":{"line":18,"column":4},"end":{"line":24,"column":5}},{"start":{},"end":{}}],"line":18},"2":{"loc":{"start":{"line":31,"column":4},"end":{"line":36,"column":5}},"type":"if","locations":[{"start":{"line":31,"column":4},"end":{"line":36,"column":5}},{"start":{},"end":{}}],"line":31},"3":{"loc":{"start":{"line":31,"column":8},"end":{"line":31,"column":31}},"type":"binary-expr","locations":[{"start":{"line":31,"column":8},"end":{"line":31,"column":13}},{"start":{"line":31,"column":17},"end":{"line":31,"column":31}}],"line":31},"4":{"loc":{"start":{"line":40,"column":4},"end":{"line":46,"column":5}},"type":"if","locations":[{"start":{"line":40,"column":4},"end":{"line":46,"column":5}},{"start":{},"end":{}}],"line":40},"5":{"loc":{"start":{"line":63,"column":4},"end":{"line":68,"column":5}},"type":"if","locations":[{"start":{"line":63,"column":4},"end":{"line":68,"column":5}},{"start":{},"end":{}}],"line":63},"6":{"loc":{"start":{"line":76,"column":4},"end":{"line":81,"column":5}},"type":"if","locations":[{"start":{"line":76,"column":4},"end":{"line":81,"column":5}},{"start":{},"end":{}}],"line":76},"7":{"loc":{"start":{"line":84,"column":4},"end":{"line":90,"column":5}},"type":"if","locations":[{"start":{"line":84,"column":4},"end":{"line":90,"column":5}},{"start":{},"end":{}}],"line":84},"8":{"loc":{"start":{"line":94,"column":4},"end":{"line":99,"column":5}},"type":"if","locations":[{"start":{"line":94,"column":4},"end":{"line":99,"column":5}},{"start":{},"end":{}}],"line":94},"9":{"loc":{"start":{"line":94,"column":8},"end":{"line":94,"column":31}},"type":"binary-expr","locations":[{"start":{"line":94,"column":8},"end":{"line":94,"column":13}},{"start":{"line":94,"column":17},"end":{"line":94,"column":31}}],"line":94},"10":{"loc":{"start":{"line":135,"column":26},"end":{"line":135,"column":43}},"type":"default-arg","locations":[{"start":{"line":135,"column":41},"end":{"line":135,"column":43}}],"line":135},"11":{"loc":{"start":{"line":137,"column":4},"end":{"line":142,"column":5}},"type":"if","locations":[{"start":{"line":137,"column":4},"end":{"line":142,"column":5}},{"start":{},"end":{}}],"line":137},"12":{"loc":{"start":{"line":144,"column":21},"end":{"line":144,"column":46}},"type":"binary-expr","locations":[{"start":{"line":144,"column":21},"end":{"line":144,"column":34}},{"start":{"line":144,"column":38},"end":{"line":144,"column":46}}],"line":144},"13":{"loc":{"start":{"line":146,"column":4},"end":{"line":157,"column":5}},"type":"if","locations":[{"start":{"line":146,"column":4},"end":{"line":157,"column":5}},{"start":{},"end":{}}],"line":146},"14":{"loc":{"start":{"line":146,"column":8},"end":{"line":146,"column":67}},"type":"binary-expr","locations":[{"start":{"line":146,"column":8},"end":{"line":146,"column":31}},{"start":{"line":146,"column":35},"end":{"line":146,"column":67}}],"line":146}},"s":{"0":0,"1":0,"2":0,"3":0,"4":0,"5":0,"6":0,"7":0,"8":0,"9":0,"10":0,"11":0,"12":0,"13":0,"14":0,"15":0,"16":0,"17":0,"18":0,"19":0,"20":0,"21":0,"22":0,"23":0,"24":0,"25":0,"26":0,"27":0,"28":0,"29":0,"30":0,"31":0,"32":0,"33":0,"34":0,"35":0,"36":0,"37":0,"38":0,"39":0,"40":0,"41":0,"42":0,"43":0,"44":0,"45":0,"46":0,"47":0,"48":0,"49":0},"f":{"0":0,"1":0,"2":0,"3":0,"4":0},"b":{"0":[0,0],"1":[0,0],"2":[0,0],"3":[0,0],"4":[0,0],"5":[0,0],"6":[0,0],"7":[0,0],"8":[0,0],"9":[0,0],"10":[0],"11":[0,0],"12":[0,0],"13":[0,0],"14":[0,0]},"inputSourceMap":null}
,"/Users/havyasreekuppam/Downloads/Multiplayer/server/middleware/auth.js": {"path":"/Users/havyasreekuppam/Downloads/Multiplayer/server/middleware/auth.js","statementMap":{"0":{"start":{"line":9,"column":23},"end":{"line":47,"column":1}},"1":{"start":{"line":10,"column":2},"end":{"line":46,"column":3}},"2":{"start":{"line":12,"column":16},"end":{"line":12,"column":56}},"3":{"start":{"line":13,"column":4},"end":{"line":15,"column":5}},"4":{"start":{"line":14,"column":6},"end":{"line":14,"column":39}},"5":{"start":{"line":17,"column":4},"end":{"line":22,"column":5}},"6":{"start":{"line":18,"column":6},"end":{"line":21,"column":9}},"7":{"start":{"line":25,"column":20},"end":{"line":28,"column":5}},"8":{"start":{"line":29,"column":4},"end":{"line":29,"column":28}},"9":{"start":{"line":30,"column":4},"end":{"line":30,"column":30}},"10":{"start":{"line":31,"column":4},"end":{"line":31,"column":28}},"11":{"start":{"line":32,"column":4},"end":{"line":32,"column":11}},"12":{"start":{"line":34,"column":4},"end":{"line":39,"column":5}},"13":{"start":{"line":35,"column":6},"end":{"line":38,"column":9}},"14":{"start":{"line":41,"column":4},"end":{"line":45,"column":7}},"15":{"start":{"line":53,"column":29},"end":{"line":59,"column":1}},"16":{"start":{"line":54,"column":2},"end":{"line":58,"column":4}},"17":{"start":{"line":65,"column":36},"end":{"line":71,"column":1}},"18":{"start":{"line":66,"column":2},"end":{"line":70,"column":4}}},"fnMap":{"0":{"name":"(anonymous_0)","decl":{"start":{"line":9,"column":23},"end":{"line":9,"column":24}},"loc":{"start":{"line":9,"column":49},"end":{"line":47,"column":1}},"line":9},"1":{"name":"(anonymous_1)","decl":{"start":{"line":53,"column":29},"end":{"line":53,"column":30}},"loc":{"start":{"line":53,"column":61},"end":{"line":59,"column":1}},"line":53},"2":{"name":"(anonymous_2)","decl":{"start":{"line":65,"column":36},"end":{"line":65,"column":37}},"loc":{"start":{"line":65,"column":44},"end":{"line":71,"column":1}},"line":65}},"branchMap":{"0":{"loc":{"start":{"line":13,"column":4},"end":{"line":15,"column":5}},"type":"if","locations":[{"start":{"line":13,"column":4},"end":{"line":15,"column":5}},{"start":{},"end":{}}],"line":13},"1":{"loc":{"start":{"line":17,"column":4},"end":{"line":22,"column":5}},"type":"if","locations":[{"start":{"line":17,"column":4},"end":{"line":22,"column":5}},{"start":{},"end":{}}],"line":17},"2":{"loc":{"start":{"line":27,"column":6},"end":{"line":27,"column":49}},"type":"binary-expr","locations":[{"start":{"line":27,"column":6},"end":{"line":27,"column":28}},{"start":{"line":27,"column":32},"end":{"line":27,"column":49}}],"line":27},"3":{"loc":{"start":{"line":34,"column":4},"end":{"line":39,"column":5}},"type":"if","locations":[{"start":{"line":34,"column":4},"end":{"line":39,"column":5}},{"start":{},"end":{}}],"line":34},"4":{"loc":{"start":{"line":53,"column":41},"end":{"line":53,"column":56}},"type":"default-arg","locations":[{"start":{"line":53,"column":48},"end":{"line":53,"column":56}}],"line":53},"5":{"loc":{"start":{"line":56,"column":4},"end":{"line":56,"column":47}},"type":"binary-expr","locations":[{"start":{"line":56,"column":4},"end":{"line":56,"column":26}},{"start":{"line":56,"column":30},"end":{"line":56,"column":47}}],"line":56},"6":{"loc":{"start":{"line":68,"column":4},"end":{"line":68,"column":54}},"type":"binary-expr","locations":[{"start":{"line":68,"column":4},"end":{"line":68,"column":30}},{"start":{"line":68,"column":34},"end":{"line":68,"column":54}}],"line":68}},"s":{"0":0,"1":0,"2":0,"3":0,"4":0,"5":0,"6":0,"7":0,"8":0,"9":0,"10":0,"11":0,"12":0,"13":0,"14":0,"15":0,"16":0,"17":0,"18":0},"f":{"0":0,"1":0,"2":0},"b":{"0":[0,0],"1":[0,0],"2":[0,0],"3":[0,0],"4":[0],"5":[0,0],"6":[0,0]},"inputSourceMap":null}
,"/Users/havyasreekuppam/Downloads/Multiplayer/server/middleware/errorHandler.js": {"path":"/Users/havyasreekuppam/Downloads/Multiplayer/server/middleware/errorHandler.js","statementMap":{"0":{"start":{"line":10,"column":4},"end":{"line":10,"column":19}},"1":{"start":{"line":11,"column":4},"end":{"line":11,"column":33}},"2":{"start":{"line":12,"column":4},"end":{"line":12,"column":52}},"3":{"start":{"line":19,"column":26},"end":{"line":21,"column":1}},"4":{"start":{"line":19,"column":34},"end":{"line":21,"column":1}},"5":{"start":{"line":20,"column":2},"end":{"line":20,"column":50}},"6":{"start":{"line":26,"column":34},"end":{"line":77,"column":1}},"7":{"start":{"line":27,"column":2},"end":{"line":27,"column":41}},"8":{"start":{"line":28,"column":2},"end":{"line":28,"column":55}},"9":{"start":{"line":31,"column":2},"end":{"line":37,"column":3}},"10":{"start":{"line":32,"column":20},"end":{"line":32,"column":55}},"11":{"start":{"line":33,"column":4},"end":{"line":36,"column":7}},"12":{"start":{"line":40,"column":2},"end":{"line":47,"column":3}},"13":{"start":{"line":41,"column":18},"end":{"line":41,"column":46}},"14":{"start":{"line":42,"column":20},"end":{"line":42,"column":45}},"15":{"start":{"line":43,"column":4},"end":{"line":46,"column":7}},"16":{"start":{"line":50,"column":2},"end":{"line":55,"column":3}},"17":{"start":{"line":51,"column":4},"end":{"line":54,"column":7}},"18":{"start":{"line":57,"column":2},"end":{"line":62,"column":3}},"19":{"start":{"line":58,"column":4},"end":{"line":61,"column":7}},"20":{"start":{"line":65,"column":2},"end":{"line":69,"column":5}},"21":{"start":{"line":72,"column":2},"end":{"line":76,"column":5}}},"fnMap":{"0":{"name":"(anonymous_0)","decl":{"start":{"line":9,"column":2},"end":{"line":9,"column":3}},"loc":{"start":{"line":9,"column":35},"end":{"line":13,"column":3}},"line":9},"1":{"name":"(anonymous_1)","decl":{"start":{"line":19,"column":26},"end":{"line":19,"column":27}},"loc":{"start":{"line":19,"column":34},"end":{"line":21,"column":1}},"line":19},"2":{"name":"(anonymous_2)","decl":{"start":{"line":19,"column":34},"end":{"line":19,"column":35}},"loc":{"start":{"line":19,"column":54},"end":{"line":21,"column":1}},"line":19},"3":{"name":"(anonymous_3)","decl":{"start":{"line":26,"column":34},"end":{"line":26,"column":35}},"loc":{"start":{"line":26,"column":59},"end":{"line":77,"column":1}},"line":26}},"branchMap":{"0":{"loc":{"start":{"line":27,"column":19},"end":{"line":27,"column":40}},"type":"binary-expr","locations":[{"start":{"line":27,"column":19},"end":{"line":27,"column":33}},{"start":{"line":27,"column":37},"end":{"line":27,"column":40}}],"line":27},"1":{"loc":{"start":{"line":28,"column":16},"end":{"line":28,"column":54}},"type":"binary-expr","locations":[{"start":{"line":28,"column":16},"end":{"line":28,"column":27}},{"start":{"line":28,"column":31},"end":{"line":28,"column":54}}],"line":28},"2":{"loc":{"start":{"line":31,"column":2},"end":{"line":37,"column":3}},"type":"if","locations":[{"start":{"line":31,"column":2},"end":{"line":37,"column":3}},{"start":{},"end":{}}],"line":31},"3":{"loc":{"start":{"line":40,"column":2},"end":{"line":47,"column":3}},"type":"if","locations":[{"start":{"line":40,"column":2},"end":{"line":47,"column":3}},{"start":{},"end":{}}],"line":40},"4":{"loc":{"start":{"line":50,"column":2},"end":{"line":55,"column":3}},"type":"if","locations":[{"start":{"line":50,"column":2},"end":{"line":55,"column":3}},{"start":{},"end":{}}],"line":50},"5":{"loc":{"start":{"line":57,"column":2},"end":{"line":62,"column":3}},"type":"if","locations":[{"start":{"line":57,"column":2},"end":{"line":62,"column":3}},{"start":{},"end":{}}],"line":57},"6":{"loc":{"start":{"line":75,"column":8},"end":{"line":75,"column":70}},"type":"binary-expr","locations":[{"start":{"line":75,"column":8},"end":{"line":75,"column":46}},{"start":{"line":75,"column":50},"end":{"line":75,"column":70}}],"line":75}},"s":{"0":0,"1":0,"2":0,"3":0,"4":0,"5":0,"6":0,"7":0,"8":0,"9":0,"10":0,"11":0,"12":0,"13":0,"14":0,"15":0,"16":0,"17":0,"18":0,"19":0,"20":0,"21":0},"f":{"0":0,"1":0,"2":0,"3":0},"b":{"0":[0,0],"1":[0,0],"2":[0,0],"3":[0,0],"4":[0,0],"5":[0,0],"6":[0,0]},"inputSourceMap":null}
,"/Users/havyasreekuppam/Downloads/Multiplayer/server/middleware/rateLimiter.js": {"path":"/Users/havyasreekuppam/Downloads/Multiplayer/server/middleware/rateLimiter.js","statementMap":{"0":{"start":{"line":6,"column":25},"end":{"line":10,"column":4}},"1":{"start":{"line":7,"column":2},"end":{"line":10,"column":4}},"2":{"start":{"line":8,"column":30},"end":{"line":8,"column":53}},"3":{"start":{"line":22,"column":30},"end":{"line":40,"column":2}},"4":{"start":{"line":30,"column":4},"end":{"line":33,"column":7}},"5":{"start":{"line":35,"column":4},"end":{"line":38,"column":7}},"6":{"start":{"line":46,"column":27},"end":{"line":63,"column":2}},"7":{"start":{"line":53,"column":4},"end":{"line":56,"column":7}},"8":{"start":{"line":58,"column":4},"end":{"line":61,"column":7}},"9":{"start":{"line":69,"column":29},"end":{"line":84,"column":2}},"10":{"start":{"line":73,"column":25},"end":{"line":73,"column":49}},"11":{"start":{"line":75,"column":4},"end":{"line":77,"column":7}},"12":{"start":{"line":79,"column":4},"end":{"line":82,"column":7}},"13":{"start":{"line":91,"column":35},"end":{"line":107,"column":2}},"14":{"start":{"line":95,"column":25},"end":{"line":95,"column":47}},"15":{"start":{"line":98,"column":4},"end":{"line":100,"column":7}},"16":{"start":{"line":102,"column":4},"end":{"line":105,"column":7}}},"fnMap":{"0":{"name":"(anonymous_0)","decl":{"start":{"line":6,"column":25},"end":{"line":6,"column":26}},"loc":{"start":{"line":7,"column":2},"end":{"line":10,"column":4}},"line":7},"1":{"name":"(anonymous_1)","decl":{"start":{"line":8,"column":17},"end":{"line":8,"column":18}},"loc":{"start":{"line":8,"column":30},"end":{"line":8,"column":53}},"line":8},"2":{"name":"(anonymous_2)","decl":{"start":{"line":29,"column":11},"end":{"line":29,"column":12}},"loc":{"start":{"line":29,"column":25},"end":{"line":39,"column":3}},"line":29},"3":{"name":"(anonymous_3)","decl":{"start":{"line":52,"column":11},"end":{"line":52,"column":12}},"loc":{"start":{"line":52,"column":25},"end":{"line":62,"column":3}},"line":52},"4":{"name":"(anonymous_4)","decl":{"start":{"line":73,"column":16},"end":{"line":73,"column":17}},"loc":{"start":{"line":73,"column":25},"end":{"line":73,"column":49}},"line":73},"5":{"name":"(anonymous_5)","decl":{"start":{"line":74,"column":11},"end":{"line":74,"column":12}},"loc":{"start":{"line":74,"column":25},"end":{"line":83,"column":3}},"line":74},"6":{"name":"(anonymous_6)","decl":{"start":{"line":95,"column":16},"end":{"line":95,"column":17}},"loc":{"start":{"line":95,"column":25},"end":{"line":95,"column":47}},"line":95},"7":{"name":"(anonymous_7)","decl":{"start":{"line":97,"column":11},"end":{"line":97,"column":12}},"loc":{"start":{"line":97,"column":25},"end":{"line":106,"column":3}},"line":97}},"branchMap":{"0":{"loc":{"start":{"line":73,"column":25},"end":{"line":73,"column":49}},"type":"binary-expr","locations":[{"start":{"line":73,"column":25},"end":{"line":73,"column":39}},{"start":{"line":73,"column":43},"end":{"line":73,"column":49}}],"line":73},"1":{"loc":{"start":{"line":95,"column":25},"end":{"line":95,"column":47}},"type":"binary-expr","locations":[{"start":{"line":95,"column":25},"end":{"line":95,"column":37}},{"start":{"line":95,"column":41},"end":{"line":95,"column":47}}],"line":95}},"s":{"0":0,"1":0,"2":0,"3":0,"4":0,"5":0,"6":0,"7":0,"8":0,"9":0,"10":0,"11":0,"12":0,"13":0,"14":0,"15":0,"16":0},"f":{"0":0,"1":0,"2":0,"3":0,"4":0,"5":0,"6":0,"7":0},"b":{"0":[0,0],"1":[0,0]},"inputSourceMap":null}
,"/Users/havyasreekuppam/Downloads/Multiplayer/server/routes/aiRoutes.js": {"path":"/Users/havyasreekuppam/Downloads/Multiplayer/server/routes/aiRoutes.js","statementMap":{"0":{"start":{"line":6,"column":15},"end":{"line":6,"column":31}},"1":{"start":{"line":16,"column":0},"end":{"line":21,"column":2}},"2":{"start":{"line":25,"column":0},"end":{"line":30,"column":2}}},"fnMap":{},"branchMap":{},"s":{"0":0,"1":0,"2":0},"f":{},"b":{},"inputSourceMap":null}
,"/Users/havyasreekuppam/Downloads/Multiplayer/server/routes/authRoutes.js": {"path":"/Users/havyasreekuppam/Downloads/Multiplayer/server/routes/authRoutes.js","statementMap":{"0":{"start":{"line":12,"column":15},"end":{"line":12,"column":31}},"1":{"start":{"line":21,"column":0},"end":{"line":21,"column":35}},"2":{"start":{"line":22,"column":0},"end":{"line":22,"column":29}},"3":{"start":{"line":23,"column":0},"end":{"line":23,"column":44}},"4":{"start":{"line":26,"column":0},"end":{"line":26,"column":44}},"5":{"start":{"line":27,"column":0},"end":{"line":27,"column":47}},"6":{"start":{"line":28,"column":0},"end":{"line":28,"column":40}}},"fnMap":{},"branchMap":{},"s":{"0":0,"1":0,"2":0,"3":0,"4":0,"5":0,"6":0},"f":{},"b":{},"inputSourceMap":null}
,"/Users/havyasreekuppam/Downloads/Multiplayer/server/routes/matchRoutes.js": {"path":"/Users/havyasreekuppam/Downloads/Multiplayer/server/routes/matchRoutes.js","statementMap":{"0":{"start":{"line":11,"column":15},"end":{"line":11,"column":31}},"1":{"start":{"line":19,"column":0},"end":{"line":19,"column":36}},"2":{"start":{"line":20,"column":0},"end":{"line":20,"column":44}},"3":{"start":{"line":21,"column":0},"end":{"line":21,"column":41}},"4":{"start":{"line":22,"column":0},"end":{"line":22,"column":43}},"5":{"start":{"line":23,"column":0},"end":{"line":23,"column":50}}},"fnMap":{},"branchMap":{},"s":{"0":0,"1":0,"2":0,"3":0,"4":0,"5":0},"f":{},"b":{},"inputSourceMap":null}
[...]
lumn":4},"end":{"line":65,"column":70}},"25":{"start":{"line":72,"column":35},"end":{"line":81,"column":1}},"26":{"start":{"line":73,"column":2},"end":{"line":80,"column":3}},"27":{"start":{"line":74,"column":16},"end":{"line":74,"column":65}},"28":{"start":{"line":75,"column":19},"end":{"line":75,"column":42}},"29":{"start":{"line":76,"column":4},"end":{"line":76,"column":24}},"30":{"start":{"line":78,"column":4},"end":{"line":78,"column":55}},"31":{"start":{"line":79,"column":4},"end":{"line":79,"column":17}},"32":{"start":{"line":86,"column":30},"end":{"line":94,"column":1}},"33":{"start":{"line":87,"column":2},"end":{"line":93,"column":3}},"34":{"start":{"line":88,"column":16},"end":{"line":88,"column":65}},"35":{"start":{"line":89,"column":4},"end":{"line":89,"column":58}},"36":{"start":{"line":90,"column":4},"end":{"line":90,"column":69}},"37":{"start":{"line":92,"column":4},"end":{"line":92,"column":49}},"38":{"start":{"line":100,"column":34},"end":{"line":105,"column":1}},"39":{"start":{"line":101,"column":2},"end":{"line":104,"column":4}},"40":{"start":{"line":111,"column":38},"end":{"line":121,"column":1}},"41":{"start":{"line":112,"column":14},"end":{"line":112,"column":24}},"42":{"start":{"line":113,"column":18},"end":{"line":113,"column":50}},"43":{"start":{"line":114,"column":20},"end":{"line":114,"column":51}},"44":{"start":{"line":116,"column":2},"end":{"line":120,"column":4}},"45":{"start":{"line":126,"column":30},"end":{"line":134,"column":1}},"46":{"start":{"line":131,"column":20},"end":{"line":131,"column":54}},"47":{"start":{"line":132,"column":25},"end":{"line":132,"column":41}},"48":{"start":{"line":133,"column":2},"end":{"line":133,"column":36}},"49":{"start":{"line":140,"column":34},"end":{"line":173,"column":1}},"50":{"start":{"line":141,"column":2},"end":{"line":172,"column":3}},"51":{"start":{"line":142,"column":22},"end":{"line":142,"column":56}},"52":{"start":{"line":144,"column":4},"end":{"line":159,"column":5}},"53":{"start":{"line":145,"column":28},"end":{"line":145,"column":58}},"54":{"start":{"line":146,"column":24},"end":{"line":146,"column":45}},"55":{"start":{"line":148,"column":6},"end":{"line":158,"column":7}},"56":{"start":{"line":149,"column":8},"end":{"line":149,"column":70}},"57":{"start":{"line":150,"column":8},"end":{"line":154,"column":10}},"58":{"start":{"line":156,"column":8},"end":{"line":156,"column":73}},"59":{"start":{"line":157,"column":8},"end":{"line":157,"column":45}},"60":{"start":{"line":161,"column":4},"end":{"line":164,"column":6}},"61":{"start":{"line":166,"column":4},"end":{"line":166,"column":72}},"62":{"start":{"line":167,"column":4},"end":{"line":171,"column":6}},"63":{"start":{"line":178,"column":36},"end":{"line":187,"column":1}},"64":{"start":{"line":179,"column":2},"end":{"line":186,"column":3}},"65":{"start":{"line":180,"column":16},"end":{"line":180,"column":40}},"66":{"start":{"line":181,"column":4},"end":{"line":181,"column":34}},"67":{"start":{"line":182,"column":4},"end":{"line":182,"column":44}},"68":{"start":{"line":183,"column":4},"end":{"line":183,"column":62}},"69":{"start":{"line":185,"column":4},"end":{"line":185,"column":69}},"70":{"start":{"line":192,"column":40},"end":{"line":200,"column":1}},"71":{"start":{"line":193,"column":2},"end":{"line":199,"column":3}},"72":{"start":{"line":194,"column":16},"end":{"line":194,"column":40}},"73":{"start":{"line":195,"column":4},"end":{"line":195,"column":34}},"74":{"start":{"line":196,"column":4},"end":{"line":196,"column":66}},"75":{"start":{"line":198,"column":4},"end":{"line":198,"column":71}}},"fnMap":{"0":{"name":"(anonymous_0)","decl":{"start":{"line":19,"column":29},"end":{"line":19,"column":30}},"loc":{"start":{"line":19,"column":66},"end":{"line":34,"column":1}},"line":19},"1":{"name":"(anonymous_1)","decl":{"start":{"line":39,"column":28},"end":{"line":39,"column":29}},"loc":{"start":{"line":39,"column":54},"end":{"line":54,"column":1}},"line":39},"2":{"name":"(anonymous_2)","decl":{"start":{"line":59,"column":30},"end":{"line":59,"column":31}},"loc":{"start":{"line":59,"column":56},"end":{"line":67,"column":1}},"line":59},"3":{"name":"(anonymous_3)","decl":{"start":{"line":72,"column":35},"end":{"line":72,"column":36}},"loc":{"start":{"line":72,"column":76},"end":{"line":81,"column":1}},"line":72},"4":{"name":"(anonymous_4)","decl":{"start":{"line":86,"column":30},"end":{"line":86,"column":31}},"loc":{"start":{"line":86,"column":71},"end":{"line":94,"column":1}},"line":86},"5":{"name":"(anonymous_5)","decl":{"start":{"line":100,"column":34},"end":{"line":100,"column":35}},"loc":{"start":{"line":100,"column":40},"end":{"line":105,"column":1}},"line":100},"6":{"name":"(anonymous_6)","decl":{"start":{"line":111,"column":38},"end":{"line":111,"column":39}},"loc":{"start":{"line":111,"column":76},"end":{"line":121,"column":1}},"line":111},"7":{"name":"(anonymous_7)","decl":{"start":{"line":126,"column":30},"end":{"line":126,"column":31}},"loc":{"start":{"line":130,"column":5},"end":{"line":134,"column":1}},"line":130},"8":{"name":"(anonymous_8)","decl":{"start":{"line":140,"column":34},"end":{"line":140,"column":35}},"loc":{"start":{"line":140,"column":60},"end":{"line":173,"column":1}},"line":140},"9":{"name":"(anonymous_9)","decl":{"start":{"line":178,"column":36},"end":{"line":178,"column":37}},"loc":{"start":{"line":178,"column":62},"end":{"line":187,"column":1}},"line":178},"10":{"name":"(anonymous_10)","decl":{"start":{"line":192,"column":40},"end":{"line":192,"column":41}},"loc":{"start":{"line":192,"column":66},"end":{"line":200,"column":1}},"line":192}},"branchMap":{"0":{"loc":{"start":{"line":44,"column":4},"end":{"line":47,"column":5}},"type":"if","locations":[{"start":{"line":44,"column":4},"end":{"line":47,"column":5}},{"start":{},"end":{}}],"line":44},"1":{"loc":{"start":{"line":111,"column":58},"end":{"line":111,"column":71}},"type":"default-arg","locations":[{"start":{"line":111,"column":69},"end":{"line":111,"column":71}}],"line":111},"2":{"loc":{"start":{"line":129,"column":2},"end":{"line":129,"column":15}},"type":"default-arg","locations":[{"start":{"line":129,"column":13},"end":{"line":129,"column":15}}],"line":129},"3":{"loc":{"start":{"line":144,"column":4},"end":{"line":159,"column":5}},"type":"if","locations":[{"start":{"line":144,"column":4},"end":{"line":159,"column":5}},{"start":{},"end":{}}],"line":144},"4":{"loc":{"start":{"line":148,"column":6},"end":{"line":158,"column":7}},"type":"if","locations":[{"start":{"line":148,"column":6},"end":{"line":158,"column":7}},{"start":{"line":155,"column":13},"end":{"line":158,"column":7}}],"line":148}},"s":{"0":0,"1":0,"2":0,"3":0,"4":0,"5":0,"6":0,"7":0,"8":0,"9":0,"10":0,"11":0,"12":0,"13":0,"14":0,"15":0,"16":0,"17":0,"18":0,"19":0,"20":0,"21":0,"22":0,"23":0,"24":0,"25":0,"26":0,"27":0,"28":0,"29":0,"30":0,"31":0,"32":0,"33":0,"34":0,"35":0,"36":0,"37":0,"38":0,"39":0,"40":0,"41":0,"42":0,"43":0,"44":0,"45":0,"46":0,"47":0,"48":0,"49":0,"50":0,"51":0,"52":0,"53":0,"54":0,"55":0,"56":0,"57":0,"58":0,"59":0,"60":0,"61":0,"62":0,"63":0,"64":0,"65":0,"66":0,"67":0,"68":0,"69":0,"70":0,"71":0,"72":0,"73":0,"74":0,"75":0},"f":{"0":0,"1":0,"2":0,"3":0,"4":0,"5":0,"6":0,"7":0,"8":0,"9":0,"10":0},"b":{"0":[0,0],"1":[0],"2":[0],"3":[0,0],"4":[0,0]},"inputSourceMap":null}
,"/Users/havyasreekuppam/Downloads/Multiplayer/server/utils/logger.js": {"path":"/Users/havyasreekuppam/Downloads/Multiplayer/server/utils/logger.js","statementMap":{"0":{"start":{"line":5,"column":18},"end":{"line":5,"column":62}},"1":{"start":{"line":12,"column":15},"end":{"line":18,"column":1}},"2":{"start":{"line":20,"column":15},"end":{"line":26,"column":1}},"3":{"start":{"line":28,"column":0},"end":{"line":28,"column":26}},"4":{"start":{"line":30,"column":15},"end":{"line":37,"column":1}},"5":{"start":{"line":35,"column":6},"end":{"line":35,"column":56}},"6":{"start":{"line":39,"column":19},"end":{"line":55,"column":1}},"7":{"start":{"line":57,"column":15},"end":{"line":62,"column":2}},"8":{"start":{"line":67,"column":24},"end":{"line":69,"column":1}},"9":{"start":{"line":68,"column":2},"end":{"line":68,"column":78}},"10":{"start":{"line":71,"column":23},"end":{"line":73,"column":1}},"11":{"start":{"line":72,"column":2},"end":{"line":72,"column":36}},"12":{"start":{"line":75,"column":23},"end":{"line":77,"column":1}},"13":{"start":{"line":76,"column":2},"end":{"line":76,"column":36}},"14":{"start":{"line":79,"column":24},"end":{"line":81,"column":1}},"15":{"start":{"line":80,"column":2},"end":{"line":80,"column":37}},"16":{"start":{"line":83,"column":23},"end":{"line":85,"column":1}},"17":{"start":{"line":84,"column":2},"end":{"line":84,"column":36}}},"fnMap":{"0":{"name":"(anonymous_0)","decl":{"start":{"line":34,"column":4},"end":{"line":34,"column":5}},"loc":{"start":{"line":35,"column":6},"end":{"line":35,"column":56}},"line":35},"1":{"name":"(anonymous_1)","decl":{"start":{"line":67,"column":24},"end":{"line":67,"column":25}},"loc":{"start":{"line":67,"column":65},"end":{"line":69,"column":1}},"line":67},"2":{"name":"(anonymous_2)","decl":{"start":{"line":71,"column":23},"end":{"line":71,"column":24}},"loc":{"start":{"line":71,"column":50},"end":{"line":73,"column":1}},"line":71},"3":{"name":"(anonymous_3)","decl":{"start":{"line":75,"column":23},"end":{"line":75,"column":24}},"loc":{"start":{"line":75,"column":50},"end":{"line":77,"column":1}},"line":75},"4":{"name":"(anonymous_4)","decl":{"start":{"line":79,"column":24},"end":{"line":79,"column":25}},"loc":{"start":{"line":79,"column":51},"end":{"line":81,"column":1}},"line":79},"5":{"name":"(anonymous_5)","decl":{"start":{"line":83,"column":23},"end":{"line":83,"column":24}},"loc":{"start":{"line":83,"column":50},"end":{"line":85,"column":1}},"line":83}},"branchMap":{"0":{"loc":{"start":{"line":58,"column":9},"end":{"line":58,"column":41}},"type":"binary-expr","locations":[{"start":{"line":58,"column":9},"end":{"line":58,"column":30}},{"start":{"line":58,"column":34},"end":{"line":58,"column":41}}],"line":58},"1":{"loc":{"start":{"line":67,"column":34},"end":{"line":67,"column":46}},"type":"default-arg","locations":[{"start":{"line":67,"column":42},"end":{"line":67,"column":46}}],"line":67},"2":{"loc":{"start":{"line":67,"column":48},"end":{"line":67,"column":60}},"type":"default-arg","locations":[{"start":{"line":67,"column":58},"end":{"line":67,"column":60}}],"line":67},"3":{"loc":{"start":{"line":68,"column":28},"end":{"line":68,"column":61}},"type":"cond-expr","locations":[{"start":{"line":68,"column":36},"end":{"line":68,"column":56}},{"start":{"line":68,"column":59},"end":{"line":68,"column":61}}],"line":68},"4":{"loc":{"start":{"line":71,"column":33},"end":{"line":71,"column":45}},"type":"default-arg","locations":[{"start":{"line":71,"column":43},"end":{"line":71,"column":45}}],"line":71},"5":{"loc":{"start":{"line":75,"column":33},"end":{"line":75,"column":45}},"type":"default-arg","locations":[{"start":{"line":75,"column":43},"end":{"line":75,"column":45}}],"line":75},"6":{"loc":{"start":{"line":79,"column":34},"end":{"line":79,"column":46}},"type":"default-arg","locations":[{"start":{"line":79,"column":44},"end":{"line":79,"column":46}}],"line":79},"7":{"loc":{"start":{"line":83,"column":33},"end":{"line":83,"column":45}},"type":"default-arg","locations":[{"start":{"line":83,"column":43},"end":{"line":83,"column":45}}],"line":83}},"s":{"0":0,"1":0,"2":0,"3":0,"4":0,"5":0,"6":0,"7":0,"8":0,"9":0,"10":0,"11":0,"12":0,"13":0,"14":0,"15":0,"16":0,"17":0},"f":{"0":0,"1":0,"2":0,"3":0,"4":0,"5":0},"b":{"0":[0,0],"1":[0],"2":[0],"3":[0,0],"4":[0],"5":[0],"6":[0],"7":[0]},"inputSourceMap":null}
,"/Users/havyasreekuppam/Downloads/Multiplayer/server/utils/queryCache.js": {"path":"/Users/havyasreekuppam/Downloads/Multiplayer/server/utils/queryCache.js","statementMap":{"0":{"start":{"line":9,"column":4},"end":{"line":9,"column":27}},"1":{"start":{"line":10,"column":4},"end":{"line":10,"column":25}},"2":{"start":{"line":17,"column":4},"end":{"line":17,"column":31}},"3":{"start":{"line":20,"column":22},"end":{"line":20,"column":52}},"4":{"start":{"line":21,"column":4},"end":{"line":21,"column":33}},"5":{"start":{"line":24,"column":4},"end":{"line":27,"column":26}},"6":{"start":{"line":25,"column":6},"end":{"line":25,"column":29}},"7":{"start":{"line":26,"column":6},"end":{"line":26,"column":27}},"8":{"start":{"line":29,"column":4},"end":{"line":29,"column":17}},"9":{"start":{"line":36,"column":4},"end":{"line":38,"column":5}},"10":{"start":{"line":37,"column":6},"end":{"line":37,"column":18}},"11":{"start":{"line":40,"column":22},"end":{"line":40,"column":39}},"12":{"start":{"line":41,"column":4},"end":{"line":45,"column":5}},"13":{"start":{"line":42,"column":6},"end":{"line":42,"column":29}},"14":{"start":{"line":43,"column":6},"end":{"line":43,"column":27}},"15":{"start":{"line":44,"column":6},"end":{"line":44,"column":18}},"16":{"start":{"line":47,"column":4},"end":{"line":47,"column":31}},"17":{"start":{"line":54,"column":4},"end":{"line":54,"column":34}},"18":{"start":{"line":61,"column":4},"end":{"line":61,"column":27}},"19":{"start":{"line":62,"column":4},"end":{"line":62,"column":25}},"20":{"start":{"line":69,"column":4},"end":{"line":69,"column":23}},"21":{"start":{"line":70,"column":4},"end":{"line":70,"column":21}},"22":{"start":{"line":77,"column":4},"end":{"line":77,"column":27}},"23":{"start":{"line":84,"column":16},"end":{"line":84,"column":17}},"24":{"start":{"line":85,"column":4},"end":{"line":90,"column":5}},"25":{"start":{"line":86,"column":6},"end":{"line":89,"column":7}},"26":{"start":{"line":87,"column":8},"end":{"line":87,"column":25}},"27":{"start":{"line":88,"column":8},"end":{"line":88,"column":16}},"28":{"start":{"line":91,"column":4},"end":{"line":91,"column":17}},"29":{"start":{"line":96,"column":26},"end":{"line":96,"column":42}},"30":{"start":{"line":102,"column":26},"end":{"line":116,"column":1}},"31":{"start":{"line":104,"column":17},"end":{"line":104,"column":36}},"32":{"start":{"line":105,"column":2},"end":{"line":107,"column":3}},"33":{"start":{"line":106,"column":4},"end":{"line":106,"column":18}},"34":{"start":{"line":110,"column":17},"end":{"line":110,"column":32}},"35":{"start":{"line":113,"column":2},"end":{"line":113,"column":42}},"36":{"start":{"line":115,"column":2},"end":{"line":115,"column":16}}},"fnMap":{"0":{"name":"(anonymous_0)","decl":{"start":{"line":8,"column":2},"end":{"line":8,"column":3}},"loc":{"start":{"line":8,"column":16},"end":{"line":11,"column":3}},"line":8},"1":{"name":"(anonymous_1)","decl":{"start":{"line":16,"column":2},"end":{"line":16,"column":3}},"loc":{"start":{"line":16,"column":36},"end":{"line":30,"column":3}},"line":16},"2":{"name":"(anonymous_2)","decl":{"start":{"line":24,"column":15},"end":{"line":24,"column":16}},"loc":{"start":{"line":24,"column":21},"end":{"line":27,"column":5}},"line":24},"3":{"name":"(anonymous_3)","decl":{"start":{"line":35,"column":2},"end":{"line":35,"column":3}},"loc":{"start":{"line":35,"column":11},"end":{"line":48,"column":3}},"line":35},"4":{"name":"(anonymous_4)","decl":{"start":{"line":53,"column":2},"end":{"line":53,"column":3}},"loc":{"start":{"line":53,"column":11},"end":{"line":55,"column":3}},"line":53},"5":{"name":"(anonymous_5)","decl":{"start":{"line":60,"column":2},"end":{"line":60,"column":3}},"loc":{"start":{"line":60,"column":14},"end":{"line":63,"column":3}},"line":60},"6":{"name":"(anonymous_6)","decl":{"start":{"line":68,"column":2},"end":{"line":68,"column":3}},"loc":{"start":{"line":68,"column":10},"end":{"line":71,"column":3}},"line":68},"7":{"name":"(anonymous_7)","decl":{"start":{"line":76,"column":2},"end":{"line":76,"column":3}},"loc":{"start":{"line":76,"column":9},"end":{"line":78,"column":3}},"line":76},"8":{"name":"(anonymous_8)","decl":{"start":{"line":83,"column":2},"end":{"line":83,"column":3}},"loc":{"start":{"line":83,"column":29},"end":{"line":92,"column":3}},"line":83},"9":{"name":"(anonymous_9)","decl":{"start":{"line":102,"column":26},"end":{"line":102,"column":27}},"loc":{"start":{"line":102,"column":68},"end":{"line":116,"column":1}},"line":102}},"branchMap":{"0":{"loc":{"start":{"line":16,"column":18},"end":{"line":16,"column":34}},"type":"default-arg","locations":[{"start":{"line":16,"column":31},"end":{"line":16,"column":34}}],"line":16},"1":{"loc":{"start":{"line":36,"column":4},"end":{"line":38,"column":5}},"type":"if","locations":[{"start":{"line":36,"column":4},"end":{"line":38,"column":5}},{"start":{},"end":{}}],"line":36},"2":{"loc":{"start":{"line":41,"column":4},"end":{"line":45,"column":5}},"type":"if","locations":[{"start":{"line":41,"column":4},"end":{"line":45,"column":5}},{"start":{},"end":{}}],"line":41},"3":{"loc":{"start":{"line":86,"column":6},"end":{"line":89,"column":7}},"type":"if","locations":[{"start":{"line":86,"column":6},"end":{"line":89,"column":7}},{"start":{},"end":{}}],"line":86},"4":{"loc":{"start":{"line":102,"column":47},"end":{"line":102,"column":63}},"type":"default-arg","locations":[{"start":{"line":102,"column":60},"end":{"line":102,"column":63}}],"line":102},"5":{"loc":{"start":{"line":105,"column":2},"end":{"line":107,"column":3}},"type":"if","locations":[{"start":{"line":105,"column":2},"end":{"line":107,"column":3}},{"start":{},"end":{}}],"line":105}},"s":{"0":0,"1":0,"2":0,"3":0,"4":0,"5":0,"6":0,"7":0,"8":0,"9":0,"10":0,"11":0,"12":0,"13":0,"14":0,"15":0,"16":0,"17":0,"18":0,"19":0,"20":0,"21":0,"22":0,"23":0,"24":0,"25":0,"26":0,"27":0,"28":0,"29":0,"30":0,"31":0,"32":0,"33":0,"34":0,"35":0,"36":0},"f":{"0":0,"1":0,"2":0,"3":0,"4":0,"5":0,"6":0,"7":0,"8":0,"9":0},"b":{"0":[0],"1":[0,0],"2":[0,0],"3":[0,0],"4":[0],"5":[0,0]},"inputSourceMap":null}
,"/Users/havyasreekuppam/Downloads/Multiplayer/server/utils/questionGenerator.js": {"path":"/Users/havyasreekuppam/Downloads/Multiplayer/server/utils/questionGenerator.js","statementMap":{"0":{"start":{"line":6,"column":30},"end":{"line":38,"column":1}},"1":{"start":{"line":40,"column":25},"end":{"line":51,"column":1}},"2":{"start":{"line":53,"column":37},"end":{"line":76,"column":1}},"3":{"start":{"line":54,"column":20},"end":{"line":54,"column":84}},"4":{"start":{"line":55,"column":19},"end":{"line":55,"column":73}},"5":{"start":{"line":57,"column":20},"end":{"line":57,"column":22}},"6":{"start":{"line":59,"column":2},"end":{"line":73,"column":3}},"7":{"start":{"line":59,"column":15},"end":{"line":59,"column":16}},"8":{"start":{"line":60,"column":21},"end":{"line":60,"column":52}},"9":{"start":{"line":61,"column":23},"end":{"line":61,"column":76}},"10":{"start":{"line":63,"column":21},"end":{"line":70,"column":5}},"11":{"start":{"line":72,"column":4},"end":{"line":72,"column":29}},"12":{"start":{"line":75,"column":2},"end":{"line":75,"column":19}}},"fnMap":{"0":{"name":"(anonymous_0)","decl":{"start":{"line":53,"column":37},"end":{"line":53,"column":38}},"loc":{"start":{"line":53,"column":74},"end":{"line":76,"column":1}},"line":53}},"branchMap":{"0":{"loc":{"start":{"line":53,"column":38},"end":{"line":53,"column":58}},"type":"default-arg","locations":[{"start":{"line":53,"column":49},"end":{"line":53,"column":58}}],"line":53},"1":{"loc":{"start":{"line":53,"column":60},"end":{"line":53,"column":69}},"type":"default-arg","locations":[{"start":{"line":53,"column":68},"end":{"line":53,"column":69}}],"line":53},"2":{"loc":{"start":{"line":54,"column":20},"end":{"line":54,"column":84}},"type":"binary-expr","locations":[{"start":{"line":54,"column":20},"end":{"line":54,"column":51}},{"start":{"line":54,"column":55},"end":{"line":54,"column":84}}],"line":54},"3":{"loc":{"start":{"line":55,"column":19},"end":{"line":55,"column":73}},"type":"binary-expr","locations":[{"start":{"line":55,"column":19},"end":{"line":55,"column":45}},{"start":{"line":55,"column":49},"end":{"line":55,"column":73}}],"line":55}},"s":{"0":0,"1":0,"2":0,"3":0,"4":0,"5":0,"6":0,"7":0,"8":0,"9":0,"10":0,"11":0,"12":0},"f":{"0":0},"b":{"0":[0],"1":[0],"2":[0,0],"3":[0,0]},"inputSourceMap":null}
}
